\BOOKMARK [1][-]{section.1}{\376\377\000A\000n\000\341\000l\000i\000s\000i\000s\000\040\000E\000s\000t\000a\000d\000\355\000s\000t\000i\000c\000o\000\040\000d\000e\000\040\000S\000e\000r\000i\000e\000s\000\040\000d\000e\000\040\000T\000i\000e\000m\000p\000o\000\040\000C\000a\000\363\000t\000i\000c\000a\000s}{}% 1
\BOOKMARK [2][-]{subsection.1.1}{\376\377\000A\000l\000u\000m\000n\000o\000:\000\040\000R\000o\000d\000r\000i\000g\000o\000\040\000G\000e\000r\000a\000r\000d\000o\000\040\000T\000r\000e\000j\000o\000\040\000A\000r\000r\000i\000a\000g\000a}{section.1}% 2
\BOOKMARK [3][-]{subsubsection.1.1.1}{\376\377\000T\000\355\000t\000u\000l\000o\000\040\000d\000e\000\040\000l\000a\000\040\000P\000r\000\341\000c\000t\000i\000c\000a\000:\000\040\000E\000s\000t\000a\000d\000\355\000s\000t\000i\000c\000a\000s\000\040\000d\000e\000s\000c\000r\000i\000p\000t\000i\000v\000a\000s\000\040\000d\000e\000\040\000a\000t\000r\000a\000c\000t\000o\000r\000e\000s\000\040\000c\000a\000\363\000t\000i\000c\000o\000s}{subsection.1.1}% 3
\BOOKMARK [2][-]{subsection.1.2}{\376\377\000C\000l\000a\000s\000e\000\040\000D\000i\000s\000t\000r\000i\000b\000u\000c\000i\000o\000n\000P\000r\000o\000b\000a\000b\000i\000l\000i\000d\000a\000d}{section.1}% 4
\BOOKMARK [3][-]{subsubsection.1.2.1}{\376\377\000M\000\351\000t\000o\000d\000o\000s\000\040\000y\000\040\000M\000\351\000t\000r\000i\000c\000a\000s\000\040\000E\000s\000t\000a\000d\000\355\000s\000t\000i\000c\000a\000s\000:}{subsection.1.2}% 5
\BOOKMARK [2][-]{subsection.1.3}{\376\377\000E\000x\000p\000o\000n\000e\000n\000t\000e\000s\000\040\000d\000e\000\040\000L\000y\000a\000p\000u\000n\000o\000v}{section.1}% 6
\BOOKMARK [3][-]{subsubsection.1.3.1}{\376\377\000D\000e\000f\000i\000n\000i\000c\000i\000\363\000n}{subsection.1.3}% 7
\BOOKMARK [3][-]{subsubsection.1.3.2}{\376\377\000I\000n\000t\000e\000r\000p\000r\000e\000t\000a\000c\000i\000\363\000n}{subsection.1.3}% 8
\BOOKMARK [3][-]{subsubsection.1.3.3}{\376\377\000C\000\341\000l\000c\000u\000l\000o}{subsection.1.3}% 9
\BOOKMARK [2][-]{subsection.1.4}{\376\377\000D\000i\000m\000e\000n\000s\000i\000\363\000n\000\040\000d\000e\000\040\000K\000a\000p\000l\000a\000n\000-\000Y\000o\000r\000k\000e}{section.1}% 10
\BOOKMARK [3][-]{subsubsection.1.4.1}{\376\377\000D\000e\000f\000i\000n\000i\000c\000i\000\363\000n}{subsection.1.4}% 11
\BOOKMARK [3][-]{subsubsection.1.4.2}{\376\377\000F\000\363\000r\000m\000u\000l\000a}{subsection.1.4}% 12
\BOOKMARK [3][-]{subsubsection.1.4.3}{\376\377\000I\000n\000t\000e\000r\000p\000r\000e\000t\000a\000c\000i\000\363\000n}{subsection.1.4}% 13
\BOOKMARK [3][-]{subsubsection.1.4.4}{\376\377\000C\000\341\000l\000c\000u\000l\000o}{subsection.1.4}% 14
\BOOKMARK [2][-]{subsection.1.5}{\376\377\000D\000i\000m\000e\000n\000s\000i\000\363\000n\000\040\000d\000e\000\040\000G\000r\000a\000s\000s\000b\000e\000r\000g\000e\000r\000-\000P\000r\000o\000c\000a\000c\000c\000i\000a}{section.1}% 15
\BOOKMARK [3][-]{subsubsection.1.5.1}{\376\377\000D\000e\000f\000i\000n\000i\000c\000i\000\363\000n}{subsection.1.5}% 16
\BOOKMARK [3][-]{subsubsection.1.5.2}{\376\377\000I\000n\000t\000e\000r\000p\000r\000e\000t\000a\000c\000i\000\363\000n}{subsection.1.5}% 17
\BOOKMARK [3][-]{subsubsection.1.5.3}{\376\377\000C\000\341\000l\000c\000u\000l\000o}{subsection.1.5}% 18
\BOOKMARK [3][-]{subsubsection.1.5.4}{\376\377\000V\000e\000n\000t\000a\000j\000a\000s}{subsection.1.5}% 19
\BOOKMARK [3][-]{subsubsection.1.5.5}{\376\377\000L\000i\000m\000i\000t\000a\000c\000i\000o\000n\000e\000s}{subsection.1.5}% 20
\BOOKMARK [3][-]{subsubsection.1.5.6}{\376\377\000F\000u\000n\000c\000i\000o\000n\000e\000s\000\040\000A\000d\000i\000c\000i\000o\000n\000a\000l\000e\000s\000:}{subsection.1.5}% 21
\BOOKMARK [1][-]{section.2}{\376\377\000B\000i\000f\000u\000r\000c\000a\000c\000i\000\363\000n\000\040\000d\000e\000\040\000F\000e\000i\000g\000e\000n\000b\000a\000u\000m}{}% 22
\BOOKMARK [2][-]{subsection.2.1}{\376\377\000P\000r\000o\000b\000a\000b\000i\000l\000\355\000s\000t\000i\000c\000o}{section.2}% 23
\BOOKMARK [2][-]{subsection.2.2}{\376\377\000A\000n\000\341\000l\000i\000s\000i\000s\000\040\000d\000e\000\040\000M\000\351\000t\000r\000i\000c\000a\000s\000\040\000E\000s\000t\000a\000d\000\355\000s\000t\000i\000c\000a\000s\000\040\000p\000a\000r\000a\000\040\000e\000l\000\040\000M\000o\000d\000e\000l\000o\000\040\000d\000e\000\040\000B\000i\000f\000u\000r\000c\000a\000c\000i\000o\000n\000e\000s\000\040\000d\000e\000\040\000F\000e\000i\000g\000e\000n\000b\000a\000u\000m}{section.2}% 24
\BOOKMARK [3][-]{subsubsection.2.2.1}{\376\377\000C\000o\000n\000c\000l\000u\000s\000i\000\363\000n}{subsection.2.2}% 25
\BOOKMARK [2][-]{subsection.2.3}{\376\377\000C\000a\000\363\000t\000i\000c\000o}{section.2}% 26
\BOOKMARK [3][-]{subsubsection.2.3.1}{\376\377\000E\000x\000p\000o\000n\000e\000n\000t\000e\000s\000\040\000d\000e\000\040\000L\000y\000a\000p\000o\000u\000n\000o\000v}{subsection.2.3}% 27
\BOOKMARK [2][-]{subsection.2.4}{\376\377\000D\000i\000m\000e\000n\000s\000i\000\363\000n\000\040\000d\000e\000\040\000K\000a\000p\000l\000a\000n\000-\000Y\000o\000r\000k\000e}{section.2}% 28
\BOOKMARK [3][-]{subsubsection.2.4.1}{\376\377\000D\000i\000m\000e\000n\000s\000i\000\363\000n\000\040\000G\000r\000a\000s\000s\000b\000e\000r\000g\000e\000r\000-\000P\000r\000o\000c\000a\000c\000c\000i\000a}{subsection.2.4}% 29
\BOOKMARK [1][-]{section.3}{\376\377\000B\000i\000f\000u\000r\000c\000a\000c\000i\000\363\000n\000\040\000E\000x\000p\000o\000n\000e\000n\000c\000i\000a\000l\000\040\000d\000e\000\040\000F\000e\000i\000g\000e\000n\000b\000a\000u\000m}{}% 30
\BOOKMARK [2][-]{subsection.3.1}{\376\377\000P\000r\000o\000b\000a\000b\000i\000l\000\355\000s\000t\000i\000c\000o}{section.3}% 31
\BOOKMARK [2][-]{subsection.3.2}{\376\377\000A\000n\000\341\000l\000i\000s\000i\000s\000\040\000d\000e\000\040\000M\000\351\000t\000r\000i\000c\000a\000s\000\040\000E\000s\000t\000a\000d\000\355\000s\000t\000i\000c\000a\000s\000\040\000p\000a\000r\000a\000\040\000e\000l\000\040\000M\000o\000d\000e\000l\000o\000\040\000d\000e\000\040\000B\000i\000f\000u\000r\000c\000a\000c\000i\000o\000n\000e\000s\000\040\000E\000x\000p\000o\000n\000e\000n\000c\000i\000a\000l\000\040\000d\000e\000\040\000F\000e\000i\000g\000e\000n\000b\000a\000u\000m}{section.3}% 32
\BOOKMARK [3][-]{subsubsection.3.2.1}{\376\377\000C\000o\000n\000c\000l\000u\000s\000i\000\363\000n}{subsection.3.2}% 33
\BOOKMARK [2][-]{subsection.3.3}{\376\377\000C\000a\000\363\000t\000i\000c\000o}{section.3}% 34
\BOOKMARK [3][-]{subsubsection.3.3.1}{\376\377\000E\000x\000p\000o\000n\000e\000n\000t\000e\000s\000\040\000d\000e\000\040\000L\000a\000y\000p\000o\000u\000n\000o\000v}{subsection.3.3}% 35
\BOOKMARK [3][-]{subsubsection.3.3.2}{\376\377\000D\000i\000m\000e\000n\000s\000i\000\363\000n\000\040\000d\000e\000\040\000K\000a\000p\000l\000a\000n\000-\000Y\000o\000r\000k\000e}{subsection.3.3}% 36
\BOOKMARK [3][-]{subsubsection.3.3.3}{\376\377\000D\000i\000m\000e\000n\000s\000i\000\363\000n\000\040\000G\000r\000a\000s\000s\000b\000e\000r\000g\000e\000r\000-\000P\000r\000o\000c\000a\000c\000c\000i\000a}{subsection.3.3}% 37
\BOOKMARK [1][-]{section.4}{\376\377\000B\000i\000f\000u\000r\000c\000a\000c\000i\000\363\000n\000\040\000C\000\372\000b\000i\000c\000a\000\040\000d\000e\000\040\000F\000e\000i\000g\000e\000n\000b\000a\000u\000m}{}% 38
\BOOKMARK [2][-]{subsection.4.1}{\376\377\000P\000r\000o\000b\000a\000b\000i\000l\000\355\000s\000t\000i\000c\000o}{section.4}% 39
\BOOKMARK [2][-]{subsection.4.2}{\376\377\000A\000n\000\341\000l\000i\000s\000i\000s\000\040\000d\000e\000\040\000M\000\351\000t\000r\000i\000c\000a\000s\000\040\000E\000s\000t\000a\000d\000\355\000s\000t\000i\000c\000a\000s\000\040\000p\000a\000r\000a\000\040\000e\000l\000\040\000M\000o\000d\000e\000l\000o\000\040\000d\000e\000\040\000B\000i\000f\000u\000r\000c\000a\000c\000i\000o\000n\000e\000s\000\040\000C\000\372\000b\000i\000c\000o\000\040\000d\000e\000\040\000F\000e\000i\000g\000e\000n\000b\000a\000u\000m}{section.4}% 40
\BOOKMARK [3][-]{subsubsection.4.2.1}{\376\377\000C\000o\000n\000c\000l\000u\000s\000i\000\363\000n}{subsection.4.2}% 41
\BOOKMARK [2][-]{subsection.4.3}{\376\377\000C\000a\000\363\000t\000i\000c\000o}{section.4}% 42
\BOOKMARK [3][-]{subsubsection.4.3.1}{\376\377\000E\000x\000p\000o\000n\000e\000n\000t\000e\000s\000\040\000d\000e\000\040\000L\000a\000y\000p\000o\000u\000n\000o\000v}{subsection.4.3}% 43
\BOOKMARK [3][-]{subsubsection.4.3.2}{\376\377\000D\000i\000m\000e\000n\000s\000i\000\363\000n\000\040\000d\000e\000\040\000K\000a\000p\000l\000a\000n\000-\000Y\000o\000r\000k\000e}{subsection.4.3}% 44
\BOOKMARK [3][-]{subsubsection.4.3.3}{\376\377\000D\000i\000m\000e\000n\000s\000i\000\363\000n\000\040\000G\000r\000a\000s\000s\000b\000e\000r\000g\000e\000r\000-\000P\000r\000o\000c\000a\000c\000c\000i\000a}{subsection.4.3}% 45
\BOOKMARK [1][-]{section.5}{\376\377\000B\000i\000f\000u\000r\000c\000a\000c\000i\000\363\000n\000\040\000T\000r\000i\000a\000n\000g\000u\000l\000a\000r\000\040\000d\000e\000\040\000F\000e\000i\000g\000e\000n\000b\000a\000u\000m}{}% 46
\BOOKMARK [2][-]{subsection.5.1}{\376\377\000P\000r\000o\000b\000a\000b\000i\000l\000\355\000s\000t\000i\000c\000o}{section.5}% 47
\BOOKMARK [2][-]{subsection.5.2}{\376\377\000A\000n\000\341\000l\000i\000s\000i\000s\000\040\000d\000e\000\040\000M\000\351\000t\000r\000i\000c\000a\000s\000\040\000E\000s\000t\000a\000d\000\355\000s\000t\000i\000c\000a\000s\000\040\000p\000a\000r\000a\000\040\000e\000l\000\040\000M\000o\000d\000e\000l\000o\000\040\000d\000e\000\040\000B\000i\000f\000u\000r\000c\000a\000c\000i\000o\000n\000e\000s\000\040\000T\000r\000i\000a\000n\000g\000u\000l\000a\000r\000\040\000d\000e\000\040\000F\000e\000i\000g\000e\000n\000b\000a\000u\000m}{section.5}% 48
\BOOKMARK [3][-]{subsubsection.5.2.1}{\376\377\000C\000o\000n\000c\000l\000u\000s\000i\000\363\000n}{subsection.5.2}% 49
\BOOKMARK [2][-]{subsection.5.3}{\376\377\000C\000a\000\363\000t\000i\000c\000o}{section.5}% 50
\BOOKMARK [3][-]{subsubsection.5.3.1}{\376\377\000E\000x\000p\000o\000n\000e\000n\000t\000e\000s\000\040\000d\000e\000\040\000L\000a\000y\000p\000o\000u\000n\000o\000v}{subsection.5.3}% 51
\BOOKMARK [3][-]{subsubsection.5.3.2}{\376\377\000D\000i\000m\000e\000n\000s\000i\000\363\000n\000\040\000d\000e\000\040\000K\000a\000p\000l\000a\000n\000-\000Y\000o\000r\000k\000e}{subsection.5.3}% 52
\BOOKMARK [3][-]{subsubsection.5.3.3}{\376\377\000D\000i\000m\000e\000n\000s\000i\000\363\000n\000\040\000G\000r\000a\000s\000s\000b\000e\000r\000g\000e\000r\000-\000P\000r\000o\000c\000a\000c\000c\000i\000a}{subsection.5.3}% 53
\BOOKMARK [1][-]{section.6}{\376\377\000M\000a\000p\000a\000\040\000d\000e\000\040\000H\000e\000n\000o\000n}{}% 54
\BOOKMARK [2][-]{subsection.6.1}{\376\377\000P\000r\000o\000b\000a\000b\000i\000l\000\355\000s\000t\000i\000c\000o}{section.6}% 55
\BOOKMARK [2][-]{subsection.6.2}{\376\377\000A\000n\000\341\000l\000i\000s\000i\000s\000\040\000d\000e\000\040\000M\000\351\000t\000r\000i\000c\000a\000s\000\040\000E\000s\000t\000a\000d\000\355\000s\000t\000i\000c\000a\000s\000\040\000p\000a\000r\000a\000\040\000e\000l\000\040\000M\000o\000d\000e\000l\000o\000\040\000d\000e\000l\000\040\000M\000a\000p\000a\000\040\000d\000e\000\040\000H\000e\000n\000o\000n}{section.6}% 56
\BOOKMARK [3][-]{subsubsection.6.2.1}{\376\377\000A\000n\000\341\000l\000i\000s\000i\000s\000\040\000d\000e\000\040\000C\000o\000r\000r\000e\000l\000a\000c\000i\000\363\000n\000\040\000y\000\040\000G\000r\000\341\000f\000i\000c\000a\000\040\000d\000e\000\040\000D\000i\000s\000p\000e\000r\000s\000i\000\363\000n}{subsection.6.2}% 57
\BOOKMARK [3][-]{subsubsection.6.2.2}{\376\377\000C\000o\000n\000c\000l\000u\000s\000i\000\363\000n}{subsection.6.2}% 58
\BOOKMARK [2][-]{subsection.6.3}{\376\377\000C\000a\000\363\000t\000i\000c\000o}{section.6}% 59
\BOOKMARK [3][-]{subsubsection.6.3.1}{\376\377\000E\000x\000p\000o\000n\000e\000n\000t\000e\000s\000\040\000d\000e\000\040\000L\000a\000y\000p\000o\000u\000n\000o\000v}{subsection.6.3}% 60
\BOOKMARK [3][-]{subsubsection.6.3.2}{\376\377\000D\000i\000m\000e\000n\000s\000i\000\363\000n\000\040\000d\000e\000\040\000K\000a\000p\000l\000a\000n\000-\000Y\000o\000r\000k\000e}{subsection.6.3}% 61
\BOOKMARK [3][-]{subsubsection.6.3.3}{\376\377\000D\000i\000m\000e\000n\000s\000i\000\363\000n\000\040\000d\000e\000\040\000G\000r\000a\000s\000s\000b\000e\000r\000g\000e\000r\000-\000P\000r\000o\000c\000a\000c\000c\000i\000a}{subsection.6.3}% 62
\BOOKMARK [1][-]{section.7}{\376\377\000A\000t\000r\000a\000c\000t\000o\000r\000\040\000d\000e\000\040\000R\000o\000s\000s\000l\000e\000r}{}% 63
\BOOKMARK [2][-]{subsection.7.1}{\376\377\000P\000r\000o\000b\000a\000b\000i\000l\000\355\000s\000t\000i\000c\000o}{section.7}% 64
\BOOKMARK [2][-]{subsection.7.2}{\376\377\000A\000n\000\341\000l\000i\000s\000i\000s\000\040\000d\000e\000\040\000M\000\351\000t\000r\000i\000c\000a\000s\000\040\000E\000s\000t\000a\000d\000\355\000s\000t\000i\000c\000a\000s\000\040\000p\000a\000r\000a\000\040\000e\000l\000\040\000M\000o\000d\000e\000l\000o\000\040\000d\000e\000l\000\040\000A\000t\000r\000a\000c\000t\000o\000r\000\040\000d\000e\000\040\000R\000o\000s\000s\000l\000e\000r}{section.7}% 65
\BOOKMARK [3][-]{subsubsection.7.2.1}{\376\377\000A\000n\000\341\000l\000i\000s\000i\000s\000\040\000d\000e\000\040\000M\000\351\000t\000r\000i\000c\000a\000s\000\040\000E\000s\000t\000a\000d\000\355\000s\000t\000i\000c\000a\000s}{subsection.7.2}% 66
\BOOKMARK [3][-]{subsubsection.7.2.2}{\376\377\000A\000n\000\341\000l\000i\000s\000i\000s\000\040\000d\000e\000\040\000C\000o\000r\000r\000e\000l\000a\000c\000i\000\363\000n\000\040\000y\000\040\000G\000r\000\341\000f\000i\000c\000a\000\040\000d\000e\000\040\000D\000i\000s\000p\000e\000r\000s\000i\000\363\000n}{subsection.7.2}% 67
\BOOKMARK [3][-]{subsubsection.7.2.3}{\376\377\000C\000o\000n\000c\000l\000u\000s\000i\000\363\000n}{subsection.7.2}% 68
\BOOKMARK [2][-]{subsection.7.3}{\376\377\000C\000a\000\363\000t\000i\000c\000o}{section.7}% 69
\BOOKMARK [3][-]{subsubsection.7.3.1}{\376\377\000E\000x\000p\000o\000n\000e\000n\000t\000e\000s\000\040\000d\000e\000\040\000L\000a\000y\000p\000o\000u\000n\000o\000v}{subsection.7.3}% 70
\BOOKMARK [3][-]{subsubsection.7.3.2}{\376\377\000I\000n\000t\000e\000r\000p\000r\000e\000t\000a\000c\000i\000\363\000n\000:}{subsection.7.3}% 71
\BOOKMARK [3][-]{subsubsection.7.3.3}{\376\377\000D\000i\000m\000e\000n\000s\000i\000\363\000n\000\040\000d\000e\000\040\000K\000a\000p\000l\000a\000n\000-\000Y\000o\000r\000k\000e}{subsection.7.3}% 72
\BOOKMARK [3][-]{subsubsection.7.3.4}{\376\377\000D\000i\000m\000e\000n\000s\000i\000\363\000n\000\040\000G\000r\000a\000s\000s\000b\000e\000r\000g\000e\000r\000-\000P\000r\000o\000c\000a\000c\000c\000i\000a}{subsection.7.3}% 73
\BOOKMARK [3][-]{subsubsection.7.3.5}{\376\377\000A\000t\000r\000a\000c\000t\000o\000r\000\040\000d\000e\000\040\000L\000o\000r\000e\000n\000t\000z}{subsection.7.3}% 74
\BOOKMARK [2][-]{subsection.7.4}{\376\377\000P\000r\000o\000b\000a\000b\000i\000l\000\355\000s\000t\000i\000c\000o}{section.7}% 75
\BOOKMARK [2][-]{subsection.7.5}{\376\377\000A\000n\000\341\000l\000i\000s\000i\000s\000\040\000d\000e\000\040\000M\000\351\000t\000r\000i\000c\000a\000s\000\040\000E\000s\000t\000a\000d\000\355\000s\000t\000i\000c\000a\000s\000\040\000p\000a\000r\000a\000\040\000e\000l\000\040\000M\000o\000d\000e\000l\000o\000\040\000d\000e\000l\000\040\000A\000t\000r\000a\000c\000t\000o\000r\000\040\000d\000e\000\040\000L\000o\000r\000e\000n\000z}{section.7}% 76
\BOOKMARK [3][-]{subsubsection.7.5.1}{\376\377\000A\000n\000\341\000l\000i\000s\000i\000s\000\040\000d\000e\000\040\000M\000\351\000t\000r\000i\000c\000a\000s\000\040\000E\000s\000t\000a\000d\000\355\000s\000t\000i\000c\000a\000s}{subsection.7.5}% 77
\BOOKMARK [3][-]{subsubsection.7.5.2}{\376\377\000A\000n\000\341\000l\000i\000s\000i\000s\000\040\000d\000e\000\040\000C\000o\000r\000r\000e\000l\000a\000c\000i\000\363\000n\000\040\000y\000\040\000G\000r\000\341\000f\000i\000c\000a\000\040\000d\000e\000\040\000D\000i\000s\000p\000e\000r\000s\000i\000\363\000n}{subsection.7.5}% 78
\BOOKMARK [3][-]{subsubsection.7.5.3}{\376\377\000C\000o\000n\000c\000l\000u\000s\000i\000\363\000n}{subsection.7.5}% 79
\BOOKMARK [2][-]{subsection.7.6}{\376\377\000C\000a\000\363\000t\000i\000c\000o}{section.7}% 80
\BOOKMARK [3][-]{subsubsection.7.6.1}{\376\377\000E\000x\000p\000o\000n\000e\000n\000t\000e\000s\000\040\000d\000e\000\040\000L\000a\000y\000p\000o\000u\000n\000o\000v}{subsection.7.6}% 81
\BOOKMARK [3][-]{subsubsection.7.6.2}{\376\377\000D\000i\000m\000e\000n\000s\000i\000\363\000n\000\040\000d\000e\000\040\000K\000a\000p\000l\000a\000n\000-\000Y\000o\000r\000k\000e}{subsection.7.6}% 82
\BOOKMARK [3][-]{subsubsection.7.6.3}{\376\377\000I\000n\000t\000e\000r\000p\000r\000e\000t\000a\000c\000i\000\363\000n\000:}{subsection.7.6}% 83
\BOOKMARK [3][-]{subsubsection.7.6.4}{\376\377\000D\000i\000m\000e\000n\000s\000i\000\363\000n\000\040\000G\000r\000a\000s\000s\000b\000e\000r\000g\000e\000r\000-\000P\000r\000o\000c\000a\000c\000c\000i\000a}{subsection.7.6}% 84
