This is pdfTeX, Version 3.141592653-2.6-1.40.22 (TeX Live 2022/dev/Debian) (preloaded format=pdflatex 2024.3.16)  9 APR 2024 14:16
entering extended mode
 restricted \write18 enabled.
 %&-line parsing enabled.
**reporteWalker.tex
(./reporteWalker.tex
LaTeX2e <2021-11-15> patch level 1
L3 programming layer <2022-01-21>
(/usr/share/texlive/texmf-dist/tex/latex/base/article.cls
Document Class: article 2021/10/04 v1.4n Standard LaTeX document class
(/usr/share/texlive/texmf-dist/tex/latex/base/size11.clo
File: size11.clo 2021/10/04 v1.4n Standard LaTeX file (size option)
)
\c@part=\count185
\c@section=\count186
\c@subsection=\count187
\c@subsubsection=\count188
\c@paragraph=\count189
\c@subparagraph=\count190
\c@figure=\count191
\c@table=\count192
\abovecaptionskip=\skip47
\belowcaptionskip=\skip48
\bibindent=\dimen138
)
(/usr/share/texlive/texmf-dist/tex/latex/base/inputenc.sty
Package: inputenc 2021/02/14 v1.3d Input encoding file
\inpenc@prehook=\toks16
\inpenc@posthook=\toks17
)
(/usr/share/texlive/texmf-dist/tex/latex/iwona/iwona.sty
Package: iwona 2005/10/03 v.1.2 Iwona package (MW)
\c@mv@iwona=\count193
\c@mv@iwonabold=\count194
LaTeX Font Info:    Overwriting symbol font `operators' in version `iwona'
(Font)                  OT1/cmr/m/n --> OT1/iwonalm/m/n on input line 58.
LaTeX Font Info:    Overwriting symbol font `letters' in version `iwona'
(Font)                  OML/cmm/m/it --> OML/iwonal/m/it on input line 59.
LaTeX Font Info:    Overwriting symbol font `symbols' in version `iwona'
(Font)                  OMS/cmsy/m/n --> OMS/iwonal/m/n on input line 60.
LaTeX Font Info:    Overwriting symbol font `largesymbols' in version `iwona'
(Font)                  OMX/cmex/m/n --> OMX/iwonal/m/n on input line 61.
LaTeX Font Info:    Overwriting symbol font `operators' in version `iwonabold'
(Font)                  OT1/cmr/m/n --> OT1/iwonalm/b/n on input line 62.
LaTeX Font Info:    Overwriting symbol font `letters' in version `iwonabold'
(Font)                  OML/cmm/m/it --> OML/iwonal/b/it on input line 63.
LaTeX Font Info:    Overwriting symbol font `symbols' in version `iwonabold'
(Font)                  OMS/cmsy/m/n --> OMS/iwonal/b/n on input line 64.
LaTeX Font Info:    Overwriting symbol font `largesymbols' in version `iwonabol
d'
(Font)                  OMX/cmex/m/n --> OMX/iwonal/b/n on input line 65.
LaTeX Font Info:    Overwriting math alphabet `\mathbf' in version `iwona'
(Font)                  OT1/cmr/bx/n --> OT1/iwonal/bx/n on input line 67.
LaTeX Font Info:    Overwriting math alphabet `\mathsf' in version `iwona'
(Font)                  OT1/cmss/m/n --> OT1/iwonal/m/n on input line 68.
LaTeX Font Info:    Overwriting math alphabet `\mathit' in version `iwona'
(Font)                  OT1/cmr/m/it --> OT1/iwonal/m/it on input line 69.
LaTeX Font Info:    Overwriting math alphabet `\mathtt' in version `iwona'
(Font)                  OT1/cmtt/m/n --> OT1/iwonal/m/n on input line 70.
LaTeX Font Info:    Overwriting math alphabet `\mathsf' in version `iwonabold'
(Font)                  OT1/cmss/m/n --> OT1/iwonal/bx/n on input line 71.
LaTeX Font Info:    Overwriting math alphabet `\mathit' in version `iwonabold'
(Font)                  OT1/cmr/m/it --> OT1/iwonal/bx/it on input line 72.
)
(/usr/share/texlive/texmf-dist/tex/latex/base/fontenc.sty
Package: fontenc 2021/04/29 v2.0v Standard LaTeX package
LaTeX Font Info:    Trying to load font information for T1+iwonal on input line
 112.

(/usr/share/texlive/texmf-dist/tex/latex/iwona/t1iwonal.fd
File: t1iwonal.fd 2008/07/22 v0.995 font definition file for T1/iwonal (MW)
))
(/usr/share/texlive/texmf-dist/tex/generic/babel/babel.sty
Package: babel 2022/01/26 3.70 The Babel package
\babel@savecnt=\count195
\U@D=\dimen139
\l@unhyphenated=\language87

(/usr/share/texlive/texmf-dist/tex/generic/babel/txtbabel.def)
\bbl@readstream=\read2
\bbl@dirlevel=\count196

(/usr/share/texlive/texmf-dist/tex/generic/babel-spanish/spanish.ldf
Language: spanish.ldf 2021/05/27 v5.0q Spanish support from the babel system
\es@quottoks=\toks18
\es@quotdepth=\count197
Package babel Info: Making " an active character on input line 570.
Package babel Info: Making . an active character on input line 675.
Package babel Info: Making < an active character on input line 722.
Package babel Info: Making > an active character on input line 722.
))
(/usr/share/texlive/texmf-dist/tex/latex/geometry/geometry.sty
Package: geometry 2020/01/02 v5.9 Page Geometry

(/usr/share/texlive/texmf-dist/tex/latex/graphics/keyval.sty
Package: keyval 2014/10/28 v1.15 key=value parser (DPC)
\KV@toks@=\toks19
)
(/usr/share/texlive/texmf-dist/tex/generic/iftex/ifvtex.sty
Package: ifvtex 2019/10/25 v1.7 ifvtex legacy package. Use iftex instead.

(/usr/share/texlive/texmf-dist/tex/generic/iftex/iftex.sty
Package: iftex 2020/03/06 v1.0d TeX engine tests
))
\Gm@cnth=\count198
\Gm@cntv=\count199
\c@Gm@tempcnt=\count266
\Gm@bindingoffset=\dimen140
\Gm@wd@mp=\dimen141
\Gm@odd@mp=\dimen142
\Gm@even@mp=\dimen143
\Gm@layoutwidth=\dimen144
\Gm@layoutheight=\dimen145
\Gm@layouthoffset=\dimen146
\Gm@layoutvoffset=\dimen147
\Gm@dimlist=\toks20
)
(/usr/share/texlive/texmf-dist/tex/latex/fancyhdr/fancyhdr.sty
Package: fancyhdr 2021/01/28 v4.0.1 Extensive control of page headers and foote
rs
\f@nch@headwidth=\skip49
\f@nch@O@elh=\skip50
\f@nch@O@erh=\skip51
\f@nch@O@olh=\skip52
\f@nch@O@orh=\skip53
\f@nch@O@elf=\skip54
\f@nch@O@erf=\skip55
\f@nch@O@olf=\skip56
\f@nch@O@orf=\skip57
)
(/usr/share/texlive/texmf-dist/tex/latex/enumitem/enumitem.sty
Package: enumitem 2019/06/20 v3.9 Customized lists
\labelindent=\skip58
\enit@outerparindent=\dimen148
\enit@toks=\toks21
\enit@inbox=\box50
\enit@count@id=\count267
\enitdp@description=\count268
)
(/usr/share/texlive/texmf-dist/tex/latex/changepage/changepage.sty
Package: changepage 2009/10/20 v1.0c check page and change page layout
\c@cp@cntr=\count269
\cp@tempcnt=\count270
)
(/usr/share/texlive/texmf-dist/tex/latex/graphics/graphicx.sty
Package: graphicx 2021/09/16 v1.2d Enhanced LaTeX Graphics (DPC,SPQR)

(/usr/share/texlive/texmf-dist/tex/latex/graphics/graphics.sty
Package: graphics 2021/03/04 v1.4d Standard LaTeX Graphics (DPC,SPQR)

(/usr/share/texlive/texmf-dist/tex/latex/graphics/trig.sty
Package: trig 2021/08/11 v1.11 sin cos tan (DPC)
)
(/usr/share/texlive/texmf-dist/tex/latex/graphics-cfg/graphics.cfg
File: graphics.cfg 2016/06/04 v1.11 sample graphics configuration
)
Package graphics Info: Driver file: pdftex.def on input line 107.

(/usr/share/texlive/texmf-dist/tex/latex/graphics-def/pdftex.def
File: pdftex.def 2020/10/05 v1.2a Graphics/color driver for pdftex
))
\Gin@req@height=\dimen149
\Gin@req@width=\dimen150
)
(/usr/share/texlive/texmf-dist/tex/latex/tools/tabularx.sty
Package: tabularx 2020/01/15 v2.11c `tabularx' package (DPC)

(/usr/share/texlive/texmf-dist/tex/latex/tools/array.sty
Package: array 2021/10/04 v2.5f Tabular extension package (FMi)
\col@sep=\dimen151
\ar@mcellbox=\box51
\extrarowheight=\dimen152
\NC@list=\toks22
\extratabsurround=\skip59
\backup@length=\skip60
\ar@cellbox=\box52
)
\TX@col@width=\dimen153
\TX@old@table=\dimen154
\TX@old@col=\dimen155
\TX@target=\dimen156
\TX@delta=\dimen157
\TX@cols=\count271
\TX@ftn=\toks23
)
(/usr/share/texlive/texmf-dist/tex/latex/xcolor/xcolor.sty
Package: xcolor 2021/10/31 v2.13 LaTeX color extensions (UK)

(/usr/share/texlive/texmf-dist/tex/latex/graphics-cfg/color.cfg
File: color.cfg 2016/01/02 v1.6 sample color configuration
)
Package xcolor Info: Driver file: pdftex.def on input line 227.
Package xcolor Info: Model `cmy' substituted by `cmy0' on input line 1352.
Package xcolor Info: Model `hsb' substituted by `rgb' on input line 1356.
Package xcolor Info: Model `RGB' extended on input line 1368.
Package xcolor Info: Model `HTML' substituted by `rgb' on input line 1370.
Package xcolor Info: Model `Hsb' substituted by `hsb' on input line 1371.
Package xcolor Info: Model `tHsb' substituted by `hsb' on input line 1372.
Package xcolor Info: Model `HSB' substituted by `hsb' on input line 1373.
Package xcolor Info: Model `Gray' substituted by `gray' on input line 1374.
Package xcolor Info: Model `wave' substituted by `hsb' on input line 1375.
)
(/usr/share/texlive/texmf-dist/tex/latex/colortbl/colortbl.sty
Package: colortbl 2020/01/04 v1.0e Color table columns (DPC)
\everycr=\toks24
\minrowclearance=\skip61
)
(/usr/share/texlive/texmf-dist/tex/latex/titlesec/titlesec.sty
Package: titlesec 2021/07/05 v2.14 Sectioning titles
\ttl@box=\box53
\beforetitleunit=\skip62
\aftertitleunit=\skip63
\ttl@plus=\dimen158
\ttl@minus=\dimen159
\ttl@toksa=\toks25
\titlewidth=\dimen160
\titlewidthlast=\dimen161
\titlewidthfirst=\dimen162
)
(/usr/share/texlive/texmf-dist/tex/latex/base/textcomp.sty
Package: textcomp 2020/02/02 v2.0n Standard LaTeX package
)
(/usr/share/texlive/texmf-dist/tex/latex/titling/titling.sty
Package: titling 2009/09/04 v2.1d maketitle typesetting
\thanksmarkwidth=\skip64
\thanksmargin=\skip65
\droptitle=\skip66
)
(/usr/share/texlive/texmf-dist/tex/latex/apacite/apacite.sty
Package: apacite 2013/07/21 v6.03 APA citation
\c@BibCnt=\count272
\bibleftmargin=\skip67
\bibindent=\skip68
\bibparsep=\skip69
\bibitemsep=\skip70
\biblabelsep=\skip71
)
(/usr/share/texlive/texmf-dist/tex/latex/setspace/setspace.sty
Package: setspace 2011/12/19 v6.7a set line spacing
)
(/usr/share/texlive/texmf-dist/tex/latex/tools/multicol.sty
Package: multicol 2021/10/28 v1.9b multicolumn formatting (FMi)
\c@tracingmulticols=\count273
\mult@box=\box54
\multicol@leftmargin=\dimen163
\c@unbalance=\count274
\c@collectmore=\count275
\doublecol@number=\count276
\multicoltolerance=\count277
\multicolpretolerance=\count278
\full@width=\dimen164
\page@free=\dimen165
\premulticols=\dimen166
\postmulticols=\dimen167
\multicolsep=\skip72
\multicolbaselineskip=\skip73
\partial@page=\box55
\last@line=\box56
\maxbalancingoverflow=\dimen168
\mult@rightbox=\box57
\mult@grightbox=\box58
\mult@firstbox=\box59
\mult@gfirstbox=\box60
\@tempa=\box61
\@tempa=\box62
\@tempa=\box63
\@tempa=\box64
\@tempa=\box65
\@tempa=\box66
\@tempa=\box67
\@tempa=\box68
\@tempa=\box69
\@tempa=\box70
\@tempa=\box71
\@tempa=\box72
\@tempa=\box73
\@tempa=\box74
\@tempa=\box75
\@tempa=\box76
\@tempa=\box77
\@tempa=\box78
\@tempa=\box79
\@tempa=\box80
\@tempa=\box81
\@tempa=\box82
\@tempa=\box83
\@tempa=\box84
\@tempa=\box85
\@tempa=\box86
\@tempa=\box87
\@tempa=\box88
\@tempa=\box89
\@tempa=\box90
\@tempa=\box91
\@tempa=\box92
\@tempa=\box93
\@tempa=\box94
\@tempa=\box95
\@tempa=\box96
\c@minrows=\count279
\c@columnbadness=\count280
\c@finalcolumnbadness=\count281
\last@try=\dimen169
\multicolovershoot=\dimen170
\multicolundershoot=\dimen171
\mult@nat@firstbox=\box97
\colbreak@box=\box98
\mc@col@check@num=\count282
)
(/usr/share/texlive/texmf-dist/tex/latex/listings/listings.sty
\lst@mode=\count283
\lst@gtempboxa=\box99
\lst@token=\toks26
\lst@length=\count284
\lst@currlwidth=\dimen172
\lst@column=\count285
\lst@pos=\count286
\lst@lostspace=\dimen173
\lst@width=\dimen174
\lst@newlines=\count287
\lst@lineno=\count288
\lst@maxwidth=\dimen175

(/usr/share/texlive/texmf-dist/tex/latex/listings/lstmisc.sty
File: lstmisc.sty 2020/03/24 1.8d (Carsten Heinz)
\c@lstnumber=\count289
\lst@skipnumbers=\count290
\lst@framebox=\box100
)
(/usr/share/texlive/texmf-dist/tex/latex/listings/listings.cfg
File: listings.cfg 2020/03/24 1.8d listings configuration
))
Package: listings 2020/03/24 1.8d (Carsten Heinz)

(/usr/share/texlive/texmf-dist/tex/latex/listings/lstlang1.sty
File: lstlang1.sty 2020/03/24 1.8d listings language file
)
(/usr/share/texlive/texmf-dist/tex/latex/base/fontenc.sty
Package: fontenc 2021/04/29 v2.0v Standard LaTeX package
LaTeX Font Info:    Trying to load font information for T1+cmss on input line 1
12.

(/usr/share/texlive/texmf-dist/tex/latex/base/t1cmss.fd
File: t1cmss.fd 2019/12/16 v2.5j Standard LaTeX font definitions
))
(/usr/share/texmf/tex/latex/lm/lmodern.sty
Package: lmodern 2009/10/30 v1.6 Latin Modern Fonts
LaTeX Font Info:    Overwriting symbol font `operators' in version `normal'
(Font)                  OT1/iwonalm/m/n --> OT1/lmr/m/n on input line 22.
LaTeX Font Info:    Overwriting symbol font `letters' in version `normal'
(Font)                  OML/iwonal/m/it --> OML/lmm/m/it on input line 23.
LaTeX Font Info:    Overwriting symbol font `symbols' in version `normal'
(Font)                  OMS/iwonal/m/n --> OMS/lmsy/m/n on input line 24.
LaTeX Font Info:    Overwriting symbol font `largesymbols' in version `normal'
(Font)                  OMX/iwonal/m/n --> OMX/lmex/m/n on input line 25.
LaTeX Font Info:    Overwriting symbol font `operators' in version `bold'
(Font)                  OT1/iwonalm/b/n --> OT1/lmr/bx/n on input line 26.
LaTeX Font Info:    Overwriting symbol font `letters' in version `bold'
(Font)                  OML/iwonal/b/it --> OML/lmm/b/it on input line 27.
LaTeX Font Info:    Overwriting symbol font `symbols' in version `bold'
(Font)                  OMS/iwonal/b/n --> OMS/lmsy/b/n on input line 28.
LaTeX Font Info:    Overwriting symbol font `largesymbols' in version `bold'
(Font)                  OMX/iwonal/b/n --> OMX/lmex/m/n on input line 29.
LaTeX Font Info:    Overwriting math alphabet `\mathbf' in version `normal'
(Font)                  OT1/iwonal/bx/n --> OT1/lmr/bx/n on input line 31.
LaTeX Font Info:    Overwriting math alphabet `\mathsf' in version `normal'
(Font)                  OT1/iwonal/m/n --> OT1/lmss/m/n on input line 32.
LaTeX Font Info:    Overwriting math alphabet `\mathit' in version `normal'
(Font)                  OT1/iwonal/m/it --> OT1/lmr/m/it on input line 33.
LaTeX Font Info:    Overwriting math alphabet `\mathtt' in version `normal'
(Font)                  OT1/iwonal/m/n --> OT1/lmtt/m/n on input line 34.
LaTeX Font Info:    Overwriting math alphabet `\mathbf' in version `bold'
(Font)                  OT1/cmr/bx/n --> OT1/lmr/bx/n on input line 35.
LaTeX Font Info:    Overwriting math alphabet `\mathsf' in version `bold'
(Font)                  OT1/iwonal/bx/n --> OT1/lmss/bx/n on input line 36.
LaTeX Font Info:    Overwriting math alphabet `\mathit' in version `bold'
(Font)                  OT1/iwonal/bx/it --> OT1/lmr/bx/it on input line 37.
LaTeX Font Info:    Overwriting math alphabet `\mathtt' in version `bold'
(Font)                  OT1/cmtt/m/n --> OT1/lmtt/m/n on input line 38.
)
(/usr/share/texlive/texmf-dist/tex/latex/amsmath/amsmath.sty
Package: amsmath 2021/10/15 v2.17l AMS math features
\@mathmargin=\skip74

For additional information on amsmath, use the `?' option.
(/usr/share/texlive/texmf-dist/tex/latex/amsmath/amstext.sty
Package: amstext 2021/08/26 v2.01 AMS text

(/usr/share/texlive/texmf-dist/tex/latex/amsmath/amsgen.sty
File: amsgen.sty 1999/11/30 v2.0 generic functions
\@emptytoks=\toks27
\ex@=\dimen176
))
(/usr/share/texlive/texmf-dist/tex/latex/amsmath/amsbsy.sty
Package: amsbsy 1999/11/29 v1.2d Bold Symbols
\pmbraise@=\dimen177
)
(/usr/share/texlive/texmf-dist/tex/latex/amsmath/amsopn.sty
Package: amsopn 2021/08/26 v2.02 operator names
)
\inf@bad=\count291
LaTeX Info: Redefining \frac on input line 234.
\uproot@=\count292
\leftroot@=\count293
LaTeX Info: Redefining \overline on input line 399.
\classnum@=\count294
\DOTSCASE@=\count295
LaTeX Info: Redefining \ldots on input line 496.
LaTeX Info: Redefining \dots on input line 499.
LaTeX Info: Redefining \cdots on input line 620.
\Mathstrutbox@=\box101
\strutbox@=\box102
\big@size=\dimen178
LaTeX Font Info:    Redeclaring font encoding OML on input line 743.
LaTeX Font Info:    Redeclaring font encoding OMS on input line 744.
\macc@depth=\count296
\c@MaxMatrixCols=\count297
\dotsspace@=\muskip16
\c@parentequation=\count298
\dspbrk@lvl=\count299
\tag@help=\toks28
\row@=\count300
\column@=\count301
\maxfields@=\count302
\andhelp@=\toks29
\eqnshift@=\dimen179
\alignsep@=\dimen180
\tagshift@=\dimen181
\tagwidth@=\dimen182
\totwidth@=\dimen183
\lineht@=\dimen184
\@envbody=\toks30
\multlinegap=\skip75
\multlinetaggap=\skip76
\mathdisplay@stack=\toks31
LaTeX Info: Redefining \[ on input line 2938.
LaTeX Info: Redefining \] on input line 2939.
)
(/usr/share/texlive/texmf-dist/tex/latex/amsfonts/amssymb.sty
Package: amssymb 2013/01/14 v3.01 AMS font symbols

(/usr/share/texlive/texmf-dist/tex/latex/amsfonts/amsfonts.sty
Package: amsfonts 2013/01/14 v3.01 Basic AMSFonts support
\symAMSa=\mathgroup4
\symAMSb=\mathgroup5
LaTeX Font Info:    Redeclaring math symbol \hbar on input line 98.
LaTeX Font Info:    Overwriting math alphabet `\mathfrak' in version `bold'
(Font)                  U/euf/m/n --> U/euf/b/n on input line 106.
))
(/usr/share/texlive/texmf-dist/tex/latex/hyperref/hyperref.sty
Package: hyperref 2021-06-07 v7.00m Hypertext links for LaTeX

(/usr/share/texlive/texmf-dist/tex/generic/ltxcmds/ltxcmds.sty
Package: ltxcmds 2020-05-10 v1.25 LaTeX kernel commands for general use (HO)
)
(/usr/share/texlive/texmf-dist/tex/generic/pdftexcmds/pdftexcmds.sty
Package: pdftexcmds 2020-06-27 v0.33 Utility functions of pdfTeX for LuaTeX (HO
)

(/usr/share/texlive/texmf-dist/tex/generic/infwarerr/infwarerr.sty
Package: infwarerr 2019/12/03 v1.5 Providing info/warning/error messages (HO)
)
Package pdftexcmds Info: \pdf@primitive is available.
Package pdftexcmds Info: \pdf@ifprimitive is available.
Package pdftexcmds Info: \pdfdraftmode found.
)
(/usr/share/texlive/texmf-dist/tex/generic/kvsetkeys/kvsetkeys.sty
Package: kvsetkeys 2019/12/15 v1.18 Key value parser (HO)
)
(/usr/share/texlive/texmf-dist/tex/generic/kvdefinekeys/kvdefinekeys.sty
Package: kvdefinekeys 2019-12-19 v1.6 Define keys (HO)
)
(/usr/share/texlive/texmf-dist/tex/generic/pdfescape/pdfescape.sty
Package: pdfescape 2019/12/09 v1.15 Implements pdfTeX's escape features (HO)
)
(/usr/share/texlive/texmf-dist/tex/latex/hycolor/hycolor.sty
Package: hycolor 2020-01-27 v1.10 Color options for hyperref/bookmark (HO)
)
(/usr/share/texlive/texmf-dist/tex/latex/letltxmacro/letltxmacro.sty
Package: letltxmacro 2019/12/03 v1.6 Let assignment for LaTeX macros (HO)
)
(/usr/share/texlive/texmf-dist/tex/latex/auxhook/auxhook.sty
Package: auxhook 2019-12-17 v1.6 Hooks for auxiliary files (HO)
)
(/usr/share/texlive/texmf-dist/tex/latex/kvoptions/kvoptions.sty
Package: kvoptions 2020-10-07 v3.14 Key value format for package options (HO)
)
\@linkdim=\dimen185
\Hy@linkcounter=\count303
\Hy@pagecounter=\count304

(/usr/share/texlive/texmf-dist/tex/latex/hyperref/pd1enc.def
File: pd1enc.def 2021-06-07 v7.00m Hyperref: PDFDocEncoding definition (HO)
Now handling font encoding PD1 ...
... no UTF-8 mapping file for font encoding PD1
)
(/usr/share/texlive/texmf-dist/tex/latex/hyperref/hyperref-langpatches.def
File: hyperref-langpatches.def 2021-06-07 v7.00m Hyperref: patches for babel la
nguages
)
(/usr/share/texlive/texmf-dist/tex/generic/intcalc/intcalc.sty
Package: intcalc 2019/12/15 v1.3 Expandable calculations with integers (HO)
)
(/usr/share/texlive/texmf-dist/tex/generic/etexcmds/etexcmds.sty
Package: etexcmds 2019/12/15 v1.7 Avoid name clashes with e-TeX commands (HO)
)
\Hy@SavedSpaceFactor=\count305

(/usr/share/texlive/texmf-dist/tex/latex/hyperref/puenc.def
File: puenc.def 2021-06-07 v7.00m Hyperref: PDF Unicode definition (HO)
Now handling font encoding PU ...
... no UTF-8 mapping file for font encoding PU
)
Package hyperref Info: Hyper figures OFF on input line 4192.
Package hyperref Info: Link nesting OFF on input line 4197.
Package hyperref Info: Hyper index ON on input line 4200.
Package hyperref Info: Plain pages OFF on input line 4207.
Package hyperref Info: Backreferencing OFF on input line 4212.
Package hyperref Info: Implicit mode ON; LaTeX internals redefined.
Package hyperref Info: Bookmarks ON on input line 4445.
\c@Hy@tempcnt=\count306

(/usr/share/texlive/texmf-dist/tex/latex/url/url.sty
\Urlmuskip=\muskip17
Package: url 2013/09/16  ver 3.4  Verb mode for urls, etc.
)
LaTeX Info: Redefining \url on input line 4804.
\XeTeXLinkMargin=\dimen186

(/usr/share/texlive/texmf-dist/tex/generic/bitset/bitset.sty
Package: bitset 2019/12/09 v1.3 Handle bit-vector datatype (HO)

(/usr/share/texlive/texmf-dist/tex/generic/bigintcalc/bigintcalc.sty
Package: bigintcalc 2019/12/15 v1.5 Expandable calculations on big integers (HO
)
))
\Fld@menulength=\count307
\Field@Width=\dimen187
\Fld@charsize=\dimen188
Package hyperref Info: Hyper figures OFF on input line 6076.
Package hyperref Info: Link nesting OFF on input line 6081.
Package hyperref Info: Hyper index ON on input line 6084.
Package hyperref Info: backreferencing OFF on input line 6091.
Package hyperref Info: Link coloring OFF on input line 6096.
Package hyperref Info: Link coloring with OCG OFF on input line 6101.
Package hyperref Info: PDF/A mode OFF on input line 6106.
LaTeX Info: Redefining \ref on input line 6146.
LaTeX Info: Redefining \pageref on input line 6150.

(/usr/share/texlive/texmf-dist/tex/latex/base/atbegshi-ltx.sty
Package: atbegshi-ltx 2021/01/10 v1.0c Emulation of the original atbegshi
package with kernel methods
)
\Hy@abspage=\count308
\c@Item=\count309
\c@Hfootnote=\count310
)
Package hyperref Info: Driver (autodetected): hpdftex.

(/usr/share/texlive/texmf-dist/tex/latex/hyperref/hpdftex.def
File: hpdftex.def 2021-06-07 v7.00m Hyperref driver for pdfTeX

(/usr/share/texlive/texmf-dist/tex/latex/base/atveryend-ltx.sty
Package: atveryend-ltx 2020/08/19 v1.0a Emulation of the original atveryend pac
kage
with kernel methods
)
\Fld@listcount=\count311
\c@bookmark@seq@number=\count312

(/usr/share/texlive/texmf-dist/tex/latex/rerunfilecheck/rerunfilecheck.sty
Package: rerunfilecheck 2019/12/05 v1.9 Rerun checks for auxiliary files (HO)

(/usr/share/texlive/texmf-dist/tex/generic/uniquecounter/uniquecounter.sty
Package: uniquecounter 2019/12/15 v1.4 Provide unlimited unique counter (HO)
)
Package uniquecounter Info: New unique counter `rerunfilecheck' on input line 2
86.
)
\Hy@SectionHShift=\skip77
)
(/usr/share/texlive/texmf-dist/tex/latex/caption/caption.sty
Package: caption 2020/10/26 v3.5g Customizing captions (AR)

(/usr/share/texlive/texmf-dist/tex/latex/caption/caption3.sty
Package: caption3 2020/10/21 v2.2e caption3 kernel (AR)
\captionmargin=\dimen189
\captionmargin@=\dimen190
\captionwidth=\dimen191
\caption@tempdima=\dimen192
\caption@indent=\dimen193
\caption@parindent=\dimen194
\caption@hangindent=\dimen195
Package caption Info: Standard document class detected.
)
\c@caption@flags=\count313
\c@continuedfloat=\count314
Package caption Info: changepage package is loaded.
\caption@adjustwidth@hsize=\dimen196
\caption@adjustwidth@linewidth=\dimen197
Package caption Info: hyperref package is loaded.
Package caption Info: listings package is loaded.
)
Package hyperref Info: Option `colorlinks' set `true' on input line 121.

(/usr/share/texlive/texmf-dist/tex/latex/pgf/frontendlayer/tikz.sty
(/usr/share/texlive/texmf-dist/tex/latex/pgf/basiclayer/pgf.sty
(/usr/share/texlive/texmf-dist/tex/latex/pgf/utilities/pgfrcs.sty
(/usr/share/texlive/texmf-dist/tex/generic/pgf/utilities/pgfutil-common.tex
\pgfutil@everybye=\toks32
\pgfutil@tempdima=\dimen198
\pgfutil@tempdimb=\dimen199

(/usr/share/texlive/texmf-dist/tex/generic/pgf/utilities/pgfutil-common-lists.t
ex)) (/usr/share/texlive/texmf-dist/tex/generic/pgf/utilities/pgfutil-latex.def
\pgfutil@abb=\box103
) (/usr/share/texlive/texmf-dist/tex/generic/pgf/utilities/pgfrcs.code.tex
(/usr/share/texlive/texmf-dist/tex/generic/pgf/pgf.revision.tex)
Package: pgfrcs 2021/05/15 v3.1.9a (3.1.9a)
))
Package: pgf 2021/05/15 v3.1.9a (3.1.9a)

(/usr/share/texlive/texmf-dist/tex/latex/pgf/basiclayer/pgfcore.sty
(/usr/share/texlive/texmf-dist/tex/latex/pgf/systemlayer/pgfsys.sty
(/usr/share/texlive/texmf-dist/tex/generic/pgf/systemlayer/pgfsys.code.tex
Package: pgfsys 2021/05/15 v3.1.9a (3.1.9a)

(/usr/share/texlive/texmf-dist/tex/generic/pgf/utilities/pgfkeys.code.tex
\pgfkeys@pathtoks=\toks33
\pgfkeys@temptoks=\toks34

(/usr/share/texlive/texmf-dist/tex/generic/pgf/utilities/pgfkeysfiltered.code.t
ex
\pgfkeys@tmptoks=\toks35
))
\pgf@x=\dimen256
\pgf@y=\dimen257
\pgf@xa=\dimen258
\pgf@ya=\dimen259
\pgf@xb=\dimen260
\pgf@yb=\dimen261
\pgf@xc=\dimen262
\pgf@yc=\dimen263
\pgf@xd=\dimen264
\pgf@yd=\dimen265
\w@pgf@writea=\write3
\r@pgf@reada=\read3
\c@pgf@counta=\count315
\c@pgf@countb=\count316
\c@pgf@countc=\count317
\c@pgf@countd=\count318
\t@pgf@toka=\toks36
\t@pgf@tokb=\toks37
\t@pgf@tokc=\toks38
\pgf@sys@id@count=\count319
 (/usr/share/texlive/texmf-dist/tex/generic/pgf/systemlayer/pgf.cfg
File: pgf.cfg 2021/05/15 v3.1.9a (3.1.9a)
)
Driver file for pgf: pgfsys-pdftex.def

(/usr/share/texlive/texmf-dist/tex/generic/pgf/systemlayer/pgfsys-pdftex.def
File: pgfsys-pdftex.def 2021/05/15 v3.1.9a (3.1.9a)

(/usr/share/texlive/texmf-dist/tex/generic/pgf/systemlayer/pgfsys-common-pdf.de
f
File: pgfsys-common-pdf.def 2021/05/15 v3.1.9a (3.1.9a)
)))
(/usr/share/texlive/texmf-dist/tex/generic/pgf/systemlayer/pgfsyssoftpath.code.
tex
File: pgfsyssoftpath.code.tex 2021/05/15 v3.1.9a (3.1.9a)
\pgfsyssoftpath@smallbuffer@items=\count320
\pgfsyssoftpath@bigbuffer@items=\count321
)
(/usr/share/texlive/texmf-dist/tex/generic/pgf/systemlayer/pgfsysprotocol.code.
tex
File: pgfsysprotocol.code.tex 2021/05/15 v3.1.9a (3.1.9a)
))
(/usr/share/texlive/texmf-dist/tex/generic/pgf/basiclayer/pgfcore.code.tex
Package: pgfcore 2021/05/15 v3.1.9a (3.1.9a)

(/usr/share/texlive/texmf-dist/tex/generic/pgf/math/pgfmath.code.tex
(/usr/share/texlive/texmf-dist/tex/generic/pgf/math/pgfmathcalc.code.tex
(/usr/share/texlive/texmf-dist/tex/generic/pgf/math/pgfmathutil.code.tex)
(/usr/share/texlive/texmf-dist/tex/generic/pgf/math/pgfmathparser.code.tex
\pgfmath@dimen=\dimen266
\pgfmath@count=\count322
\pgfmath@box=\box104
\pgfmath@toks=\toks39
\pgfmath@stack@operand=\toks40
\pgfmath@stack@operation=\toks41
)
(/usr/share/texlive/texmf-dist/tex/generic/pgf/math/pgfmathfunctions.code.tex
(/usr/share/texlive/texmf-dist/tex/generic/pgf/math/pgfmathfunctions.basic.code
.tex)
(/usr/share/texlive/texmf-dist/tex/generic/pgf/math/pgfmathfunctions.trigonomet
ric.code.tex)
(/usr/share/texlive/texmf-dist/tex/generic/pgf/math/pgfmathfunctions.random.cod
e.tex)
(/usr/share/texlive/texmf-dist/tex/generic/pgf/math/pgfmathfunctions.comparison
.code.tex)
(/usr/share/texlive/texmf-dist/tex/generic/pgf/math/pgfmathfunctions.base.code.
tex)
(/usr/share/texlive/texmf-dist/tex/generic/pgf/math/pgfmathfunctions.round.code
.tex)
(/usr/share/texlive/texmf-dist/tex/generic/pgf/math/pgfmathfunctions.misc.code.
tex)
(/usr/share/texlive/texmf-dist/tex/generic/pgf/math/pgfmathfunctions.integerari
thmetics.code.tex)))
(/usr/share/texlive/texmf-dist/tex/generic/pgf/math/pgfmathfloat.code.tex
\c@pgfmathroundto@lastzeros=\count323
))
(/usr/share/texlive/texmf-dist/tex/generic/pgf/math/pgfint.code.tex)
(/usr/share/texlive/texmf-dist/tex/generic/pgf/basiclayer/pgfcorepoints.code.te
x
File: pgfcorepoints.code.tex 2021/05/15 v3.1.9a (3.1.9a)
\pgf@picminx=\dimen267
\pgf@picmaxx=\dimen268
\pgf@picminy=\dimen269
\pgf@picmaxy=\dimen270
\pgf@pathminx=\dimen271
\pgf@pathmaxx=\dimen272
\pgf@pathminy=\dimen273
\pgf@pathmaxy=\dimen274
\pgf@xx=\dimen275
\pgf@xy=\dimen276
\pgf@yx=\dimen277
\pgf@yy=\dimen278
\pgf@zx=\dimen279
\pgf@zy=\dimen280
)
(/usr/share/texlive/texmf-dist/tex/generic/pgf/basiclayer/pgfcorepathconstruct.
code.tex
File: pgfcorepathconstruct.code.tex 2021/05/15 v3.1.9a (3.1.9a)
\pgf@path@lastx=\dimen281
\pgf@path@lasty=\dimen282
)
(/usr/share/texlive/texmf-dist/tex/generic/pgf/basiclayer/pgfcorepathusage.code
.tex
File: pgfcorepathusage.code.tex 2021/05/15 v3.1.9a (3.1.9a)
\pgf@shorten@end@additional=\dimen283
\pgf@shorten@start@additional=\dimen284
)
(/usr/share/texlive/texmf-dist/tex/generic/pgf/basiclayer/pgfcorescopes.code.te
x
File: pgfcorescopes.code.tex 2021/05/15 v3.1.9a (3.1.9a)
\pgfpic=\box105
\pgf@hbox=\box106
\pgf@layerbox@main=\box107
\pgf@picture@serial@count=\count324
)
(/usr/share/texlive/texmf-dist/tex/generic/pgf/basiclayer/pgfcoregraphicstate.c
ode.tex
File: pgfcoregraphicstate.code.tex 2021/05/15 v3.1.9a (3.1.9a)
\pgflinewidth=\dimen285
)
(/usr/share/texlive/texmf-dist/tex/generic/pgf/basiclayer/pgfcoretransformation
s.code.tex
File: pgfcoretransformations.code.tex 2021/05/15 v3.1.9a (3.1.9a)
\pgf@pt@x=\dimen286
\pgf@pt@y=\dimen287
\pgf@pt@temp=\dimen288
)
(/usr/share/texlive/texmf-dist/tex/generic/pgf/basiclayer/pgfcorequick.code.tex
File: pgfcorequick.code.tex 2021/05/15 v3.1.9a (3.1.9a)
)
(/usr/share/texlive/texmf-dist/tex/generic/pgf/basiclayer/pgfcoreobjects.code.t
ex
File: pgfcoreobjects.code.tex 2021/05/15 v3.1.9a (3.1.9a)
)
(/usr/share/texlive/texmf-dist/tex/generic/pgf/basiclayer/pgfcorepathprocessing
.code.tex
File: pgfcorepathprocessing.code.tex 2021/05/15 v3.1.9a (3.1.9a)
)
(/usr/share/texlive/texmf-dist/tex/generic/pgf/basiclayer/pgfcorearrows.code.te
x
File: pgfcorearrows.code.tex 2021/05/15 v3.1.9a (3.1.9a)
\pgfarrowsep=\dimen289
)
(/usr/share/texlive/texmf-dist/tex/generic/pgf/basiclayer/pgfcoreshade.code.tex
File: pgfcoreshade.code.tex 2021/05/15 v3.1.9a (3.1.9a)
\pgf@max=\dimen290
\pgf@sys@shading@range@num=\count325
\pgf@shadingcount=\count326
)
(/usr/share/texlive/texmf-dist/tex/generic/pgf/basiclayer/pgfcoreimage.code.tex
File: pgfcoreimage.code.tex 2021/05/15 v3.1.9a (3.1.9a)

(/usr/share/texlive/texmf-dist/tex/generic/pgf/basiclayer/pgfcoreexternal.code.
tex
File: pgfcoreexternal.code.tex 2021/05/15 v3.1.9a (3.1.9a)
\pgfexternal@startupbox=\box108
))
(/usr/share/texlive/texmf-dist/tex/generic/pgf/basiclayer/pgfcorelayers.code.te
x
File: pgfcorelayers.code.tex 2021/05/15 v3.1.9a (3.1.9a)
)
(/usr/share/texlive/texmf-dist/tex/generic/pgf/basiclayer/pgfcoretransparency.c
ode.tex
File: pgfcoretransparency.code.tex 2021/05/15 v3.1.9a (3.1.9a)
)
(/usr/share/texlive/texmf-dist/tex/generic/pgf/basiclayer/pgfcorepatterns.code.
tex
File: pgfcorepatterns.code.tex 2021/05/15 v3.1.9a (3.1.9a)
)
(/usr/share/texlive/texmf-dist/tex/generic/pgf/basiclayer/pgfcorerdf.code.tex
File: pgfcorerdf.code.tex 2021/05/15 v3.1.9a (3.1.9a)
)))
(/usr/share/texlive/texmf-dist/tex/generic/pgf/modules/pgfmoduleshapes.code.tex
File: pgfmoduleshapes.code.tex 2021/05/15 v3.1.9a (3.1.9a)
\pgfnodeparttextbox=\box109
) (/usr/share/texlive/texmf-dist/tex/generic/pgf/modules/pgfmoduleplot.code.tex
File: pgfmoduleplot.code.tex 2021/05/15 v3.1.9a (3.1.9a)
)
(/usr/share/texlive/texmf-dist/tex/latex/pgf/compatibility/pgfcomp-version-0-65
.sty
Package: pgfcomp-version-0-65 2021/05/15 v3.1.9a (3.1.9a)
\pgf@nodesepstart=\dimen291
\pgf@nodesepend=\dimen292
)
(/usr/share/texlive/texmf-dist/tex/latex/pgf/compatibility/pgfcomp-version-1-18
.sty
Package: pgfcomp-version-1-18 2021/05/15 v3.1.9a (3.1.9a)
)) (/usr/share/texlive/texmf-dist/tex/latex/pgf/utilities/pgffor.sty
(/usr/share/texlive/texmf-dist/tex/latex/pgf/utilities/pgfkeys.sty
(/usr/share/texlive/texmf-dist/tex/generic/pgf/utilities/pgfkeys.code.tex))
(/usr/share/texlive/texmf-dist/tex/latex/pgf/math/pgfmath.sty
(/usr/share/texlive/texmf-dist/tex/generic/pgf/math/pgfmath.code.tex))
(/usr/share/texlive/texmf-dist/tex/generic/pgf/utilities/pgffor.code.tex
Package: pgffor 2021/05/15 v3.1.9a (3.1.9a)

(/usr/share/texlive/texmf-dist/tex/generic/pgf/math/pgfmath.code.tex)
\pgffor@iter=\dimen293
\pgffor@skip=\dimen294
\pgffor@stack=\toks42
\pgffor@toks=\toks43
))
(/usr/share/texlive/texmf-dist/tex/generic/pgf/frontendlayer/tikz/tikz.code.tex
Package: tikz 2021/05/15 v3.1.9a (3.1.9a)

(/usr/share/texlive/texmf-dist/tex/generic/pgf/libraries/pgflibraryplothandlers
.code.tex
File: pgflibraryplothandlers.code.tex 2021/05/15 v3.1.9a (3.1.9a)
\pgf@plot@mark@count=\count327
\pgfplotmarksize=\dimen295
)
\tikz@lastx=\dimen296
\tikz@lasty=\dimen297
\tikz@lastxsaved=\dimen298
\tikz@lastysaved=\dimen299
\tikz@lastmovetox=\dimen300
\tikz@lastmovetoy=\dimen301
\tikzleveldistance=\dimen302
\tikzsiblingdistance=\dimen303
\tikz@figbox=\box110
\tikz@figbox@bg=\box111
\tikz@tempbox=\box112
\tikz@tempbox@bg=\box113
\tikztreelevel=\count328
\tikznumberofchildren=\count329
\tikznumberofcurrentchild=\count330
\tikz@fig@count=\count331

(/usr/share/texlive/texmf-dist/tex/generic/pgf/modules/pgfmodulematrix.code.tex
File: pgfmodulematrix.code.tex 2021/05/15 v3.1.9a (3.1.9a)
\pgfmatrixcurrentrow=\count332
\pgfmatrixcurrentcolumn=\count333
\pgf@matrix@numberofcolumns=\count334
)
\tikz@expandcount=\count335

(/usr/share/texlive/texmf-dist/tex/generic/pgf/frontendlayer/tikz/libraries/tik
zlibrarytopaths.code.tex
File: tikzlibrarytopaths.code.tex 2021/05/15 v3.1.9a (3.1.9a)
)))
LaTeX Font Info:    Trying to load font information for T1+lmss on input line 1
27.
 (/usr/share/texmf/tex/latex/lm/t1lmss.fd
File: t1lmss.fd 2009/10/30 v1.6 Font defs for Latin Modern
)
(/usr/share/texlive/texmf-dist/tex/latex/l3backend/l3backend-pdftex.def
File: l3backend-pdftex.def 2022-01-12 L3 backend support: PDF output (pdfTeX)
\l__color_backend_stack_int=\count336
\l__pdf_internal_box=\box114
)
(./reporteWalker.aux
LaTeX Info: Redefining \. on input line 26.
LaTeX Info: Redefining \% on input line 26.
)
\openout1 = `reporteWalker.aux'.

LaTeX Font Info:    Checking defaults for OML/cmm/m/it on input line 127.
LaTeX Font Info:    ... okay on input line 127.
LaTeX Font Info:    Checking defaults for OMS/cmsy/m/n on input line 127.
LaTeX Font Info:    ... okay on input line 127.
LaTeX Font Info:    Checking defaults for OT1/cmr/m/n on input line 127.
LaTeX Font Info:    ... okay on input line 127.
LaTeX Font Info:    Checking defaults for T1/cmr/m/n on input line 127.
LaTeX Font Info:    ... okay on input line 127.
LaTeX Font Info:    Checking defaults for TS1/cmr/m/n on input line 127.
LaTeX Font Info:    ... okay on input line 127.
LaTeX Font Info:    Checking defaults for OMX/cmex/m/n on input line 127.
LaTeX Font Info:    ... okay on input line 127.
LaTeX Font Info:    Checking defaults for U/cmr/m/n on input line 127.
LaTeX Font Info:    ... okay on input line 127.
LaTeX Font Info:    Checking defaults for PD1/pdf/m/n on input line 127.
LaTeX Font Info:    ... okay on input line 127.
LaTeX Font Info:    Checking defaults for PU/pdf/m/n on input line 127.
LaTeX Font Info:    ... okay on input line 127.
LaTeX Info: Redefining \. on input line 127.
LaTeX Info: Redefining \% on input line 127.

*geometry* driver: auto-detecting
*geometry* detected driver: pdftex
*geometry* verbose mode - [ preamble ] result:
* driver: pdftex
* paper: letterpaper
* layout: <same size as paper>
* layoutoffset:(h,v)=(0.0pt,0.0pt)
* modes: 
* h-part:(L,W,R)=(72.26999pt, 469.75502pt, 72.26999pt)
* v-part:(T,H,B)=(72.26999pt, 650.43001pt, 72.26999pt)
* \paperwidth=614.295pt
* \paperheight=794.96999pt
* \textwidth=469.75502pt
* \textheight=650.43001pt
* \oddsidemargin=0.0pt
* \evensidemargin=0.0pt
* \topmargin=-37.0pt
* \headheight=13.59999pt
* \headsep=25.0pt
* \topskip=11.0pt
* \footskip=30.0pt
* \marginparwidth=59.0pt
* \marginparsep=10.0pt
* \columnsep=10.0pt
* \skip\footins=10.0pt plus 4.0pt minus 2.0pt
* \hoffset=0.0pt
* \voffset=0.0pt
* \mag=1000
* \@twocolumnfalse
* \@twosidefalse
* \@mparswitchfalse
* \@reversemarginfalse
* (1in=72.27pt=25.4mm, 1cm=28.453pt)

(/usr/share/texlive/texmf-dist/tex/context/base/mkii/supp-pdf.mkii
[Loading MPS to PDF converter (version 2006.09.02).]
\scratchcounter=\count337
\scratchdimen=\dimen304
\scratchbox=\box115
\nofMPsegments=\count338
\nofMParguments=\count339
\everyMPshowfont=\toks44
\MPscratchCnt=\count340
\MPscratchDim=\dimen305
\MPnumerator=\count341
\makeMPintoPDFobject=\count342
\everyMPtoPDFconversion=\toks45
) (/usr/share/texlive/texmf-dist/tex/latex/epstopdf-pkg/epstopdf-base.sty
Package: epstopdf-base 2020-01-24 v2.11 Base part for package epstopdf
Package epstopdf-base Info: Redefining graphics rule for `.eps' on input line 4
85.

(/usr/share/texlive/texmf-dist/tex/latex/latexconfig/epstopdf-sys.cfg
File: epstopdf-sys.cfg 2010/07/13 v1.3 Configuration of (r)epstopdf for TeX Liv
e
))
\c@maskedRefs=\count343

(/usr/share/texlive/texmf-dist/tex/latex/apacite/spanish.apc
File: spanish.apc 2013/07/21 v6.03 apacite language file
LaTeX Info: Redefining \BPBI on input line 138.
LaTeX Info: Redefining \BHBI on input line 139.
)
\c@lstlisting=\count344
Package hyperref Info: Link coloring ON on input line 127.

(/usr/share/texlive/texmf-dist/tex/latex/hyperref/nameref.sty
Package: nameref 2021-04-02 v2.47 Cross-referencing by name of section

(/usr/share/texlive/texmf-dist/tex/latex/refcount/refcount.sty
Package: refcount 2019/12/15 v3.6 Data extraction from label references (HO)
)
(/usr/share/texlive/texmf-dist/tex/generic/gettitlestring/gettitlestring.sty
Package: gettitlestring 2019/12/15 v1.6 Cleanup title references (HO)
)
\c@section@level=\count345
)
LaTeX Info: Redefining \ref on input line 127.
LaTeX Info: Redefining \pageref on input line 127.
LaTeX Info: Redefining \nameref on input line 127.

(./reporteWalker.out) (./reporteWalker.out)
\@outlinefile=\write4
\openout4 = `reporteWalker.out'.

Package caption Info: Begin \AtBeginDocument code.
Package caption Info: End \AtBeginDocument code.
<cic.jpeg, id=147, 950.55125pt x 690.58pt>
File: cic.jpeg Graphic file (type jpg)
<use cic.jpeg>
Package pdftex.def Info: cic.jpeg  used on input line 131.
(pdftex.def)             Requested size: 117.43875pt x 85.31068pt.
LaTeX Font Info:    Font shape `T1/lmss/b/n' in size <10.95> not available
(Font)              Font shape `T1/lmss/bx/n' tried instead on input line 133.
LaTeX Font Info:    Font shape `T1/lmss/b/n' in size <20.74> not available
(Font)              Font shape `T1/lmss/bx/n' tried instead on input line 133.
LaTeX Font Info:    Trying to load font information for T1+lmr on input line 13
8.

(/usr/share/texmf/tex/latex/lm/t1lmr.fd
File: t1lmr.fd 2009/10/30 v1.6 Font defs for Latin Modern
)

LaTeX Font Warning: Font shape `T1/lmss/m/sc' in size <10.95> not available
(Font)              Font shape `T1/lmr/m/sc' tried instead on input line 138.


LaTeX Font Warning: Font shape `T1/lmss/m/sc' in size <24.88> not available
(Font)              Font shape `T1/lmr/m/sc' tried instead on input line 138.


LaTeX Font Warning: Font shape `T1/lmss/b/sc' undefined
(Font)              using `T1/lmss/b/n' instead on input line 138.

LaTeX Font Info:    Font shape `T1/lmss/b/n' in size <24.88> not available
(Font)              Font shape `T1/lmss/bx/n' tried instead on input line 138.
LaTeX Font Info:    Font shape `T1/lmss/m/it' in size <17.28> not available
(Font)              Font shape `T1/lmss/m/sl' tried instead on input line 140.
[1

{/var/lib/texmf/fonts/map/pdftex/updmap/pdftex.map} <./cic.jpeg>]
LaTeX Font Info:    Font shape `T1/lmss/b/n' in size <14.4> not available
(Font)              Font shape `T1/lmss/bx/n' tried instead on input line 154.
LaTeX Font Info:    Font shape `T1/lmss/b/it' in size <14.4> not available
(Font)              Font shape `T1/lmss/bx/it' tried instead on input line 154.

LaTeX Font Info:    Font shape `T1/lmss/bx/it' in size <14.4> not available
(Font)              Font shape `T1/lmss/bx/sl' tried instead on input line 154.

LaTeX Font Info:    Trying to load font information for OT1+iwonalm on input li
ne 159.

(/usr/share/texlive/texmf-dist/tex/latex/iwona/ot1iwonalm.fd
File: ot1iwonalm.fd 2005/10/05 v1.2 font definition file for OT1/iwonalm (MW)
)
LaTeX Font Info:    Trying to load font information for OML+iwonal on input lin
e 159.

(/usr/share/texlive/texmf-dist/tex/latex/iwona/omliwonal.fd
File: omliwonal.fd 2008/07/22 v0.995 font definition file for OML/iwonal (MW)
)
LaTeX Font Info:    Trying to load font information for OMS+iwonal on input lin
e 159.

(/usr/share/texlive/texmf-dist/tex/latex/iwona/omsiwonal.fd
File: omsiwonal.fd 2008/07/22 v0.995 font definition file for OMS/iwonal (MW)
)
LaTeX Font Info:    Trying to load font information for OMX+iwonal on input lin
e 159.

(/usr/share/texlive/texmf-dist/tex/latex/iwona/omxiwonal.fd
File: omxiwonal.fd 2008/07/22 v0.995 font definition file for OMX/iwonal (MW)
)
LaTeX Font Info:    Trying to load font information for U+msa on input line 159
.

(/usr/share/texlive/texmf-dist/tex/latex/amsfonts/umsa.fd
File: umsa.fd 2013/01/14 v3.01 AMS symbols A
)
LaTeX Font Info:    Trying to load font information for U+msb on input line 159
.

(/usr/share/texlive/texmf-dist/tex/latex/amsfonts/umsb.fd
File: umsb.fd 2013/01/14 v3.01 AMS symbols B
)
LaTeX Font Info:    Font shape `T1/lmss/m/it' in size <10.95> not available
(Font)              Font shape `T1/lmss/m/sl' tried instead on input line 176.
pdfTeX warning (ext4): destination with the same identifier (name{page.1}) has 
been already used, duplicate ignored
<to be read again> 
                   \relax 
l.180 	\newpage
                [1]
LaTeX Font Info:    Trying to load font information for T1+lmtt on input line 1
84.
 (/usr/share/texmf/tex/latex/lm/t1lmtt.fd
File: t1lmtt.fd 2009/10/30 v1.6 Font defs for Latin Modern
)
<../transformaciones/hist_uniform_Sturges.pdf, id=166, 421.33502pt x 289.3115pt
>
File: ../transformaciones/hist_uniform_Sturges.pdf Graphic file (type pdf)
<use ../transformaciones/hist_uniform_Sturges.pdf>
Package pdftex.def Info: ../transformaciones/hist_uniform_Sturges.pdf  used on 
input line 188.
(pdftex.def)             Requested size: 328.82707pt x 225.79889pt.
LaTeX Font Info:    Font shape `T1/lmss/b/n' in size <12> not available
(Font)              Font shape `T1/lmss/bx/n' tried instead on input line 198.
 [2 <../transformaciones/hist_uniform_Sturges.pdf>]
<../transformaciones/hist_normal_Rice.pdf, id=225, 401.65372pt x 289.3115pt>
File: ../transformaciones/hist_normal_Rice.pdf Graphic file (type pdf)
<use ../transformaciones/hist_normal_Rice.pdf>
Package pdftex.def Info: ../transformaciones/hist_normal_Rice.pdf  used on inpu
t line 225.
(pdftex.def)             Requested size: 328.82707pt x 236.87054pt.
 [3 <../transformaciones/hist_normal_Rice.pdf>]
Overfull \hbox (21.13777pt too wide) in paragraph at lines 250--251
[]\T1/lmss/m/n/10.95 De es-ta ma-ne-ra, ob-te-ne-mos nú-me-ros con dis-tri-bu-c
ión gam-ma que se al-ma-ce-na-ron en \T1/lmtt/m/n/10.95 randomsGamma.txt\T1/lms
s/m/n/10.95 .
 []

<../transformaciones/hist_gamma_Rice.pdf, id=281, 401.65372pt x 289.3115pt>
File: ../transformaciones/hist_gamma_Rice.pdf Graphic file (type pdf)
<use ../transformaciones/hist_gamma_Rice.pdf>
Package pdftex.def Info: ../transformaciones/hist_gamma_Rice.pdf  used on input
 line 254.
(pdftex.def)             Requested size: 328.82707pt x 236.87054pt.
[4 <../transformaciones/hist_gamma_Rice.pdf>] [5] [6] [7] [8] [9] [10]
<resultadosUniforme.png, id=640, 475.7775pt x 338.26375pt>
File: resultadosUniforme.png Graphic file (type png)
<use resultadosUniforme.png>
Package pdftex.def Info: resultadosUniforme.png  used on input line 553.
(pdftex.def)             Requested size: 230.18253pt x 163.65512pt.
<resultadosNormal.png, id=641, 474.77374pt x 336.25626pt>
File: resultadosNormal.png Graphic file (type png)
<use resultadosNormal.png>
Package pdftex.def Info: resultadosNormal.png  used on input line 561.
(pdftex.def)             Requested size: 206.88834pt x 146.52682pt.


Package caption Warning: The option `hypcap=true' will be ignored for this
(caption)                particular \caption on input line 562.
See the caption package documentation for explanation.


Underfull \hbox (badness 10000) in paragraph at lines 562--562
[]\T1/lmss/m/n/10.95 Figura 5: |[]Métricas pa-ra el set
 []


Overfull \hbox (17.0pt too wide) in paragraph at lines 559--565
[]$[]$ 
 []

<resultadosGamma.png, id=642, 476.78125pt x 337.26pt>
File: resultadosGamma.png Graphic file (type png)
<use resultadosGamma.png>
Package pdftex.def Info: resultadosGamma.png  used on input line 568.
(pdftex.def)             Requested size: 206.88834pt x 146.34668pt.

Package caption Warning: The option `hypcap=true' will be ignored for this
(caption)                particular \caption on input line 569.
See the caption package documentation for explanation.


Overfull \hbox (17.0pt too wide) in paragraph at lines 566--572
[]$[]$ 
 []

[11 <./resultadosUniforme.png> <./resultadosNormal.png> <./resultadosGamma.png>
] [12]
LaTeX Font Info:    Font shape `T1/lmss/b/it' in size <10.95> not available
(Font)              Font shape `T1/lmss/bx/it' tried instead on input line 651.

LaTeX Font Info:    Font shape `T1/lmss/bx/it' in size <10.95> not available
(Font)              Font shape `T1/lmss/bx/sl' tried instead on input line 651.

 [13]

Package hyperref Warning: Token not allowed in a PDF string (Unicode):
(hyperref)                removing `math shift' on input line 655.


Package hyperref Warning: Token not allowed in a PDF string (Unicode):
(hyperref)                removing `superscript' on input line 655.


Package hyperref Warning: Token not allowed in a PDF string (Unicode):
(hyperref)                removing `math shift' on input line 655.

<../transformaciones/cuad_uniforme1.pdf, id=659, 615.15135pt x 397.46681pt>
File: ../transformaciones/cuad_uniforme1.pdf Graphic file (type pdf)
<use ../transformaciones/cuad_uniforme1.pdf>
Package pdftex.def Info: ../transformaciones/cuad_uniforme1.pdf  used on input 
line 660.
(pdftex.def)             Requested size: 328.82707pt x 212.46979pt.
<../transformaciones/cuad_uniforme2.pdf, id=660, 401.65372pt x 289.3115pt>
File: ../transformaciones/cuad_uniforme2.pdf Graphic file (type pdf)
<use ../transformaciones/cuad_uniforme2.pdf>
Package pdftex.def Info: ../transformaciones/cuad_uniforme2.pdf  used on input 
line 668.
(pdftex.def)             Requested size: 229.8775pt x 165.58467pt.

Package caption Warning: The option `hypcap=true' will be ignored for this
(caption)                particular \caption on input line 669.
See the caption package documentation for explanation.


Overfull \hbox (17.0pt too wide) in paragraph at lines 666--672
[]$[]$ 
 []

<../transformaciones/cuad_uniforme3.png, id=661, 454.69875pt x 304.13625pt>
File: ../transformaciones/cuad_uniforme3.png Graphic file (type png)
<use ../transformaciones/cuad_uniforme3.png>
Package pdftex.def Info: ../transformaciones/cuad_uniforme3.png  used on input 
line 675.
(pdftex.def)             Requested size: 229.8775pt x 153.76161pt.

Package caption Warning: The option `hypcap=true' will be ignored for this
(caption)                particular \caption on input line 676.
See the caption package documentation for explanation.


Overfull \hbox (17.0pt too wide) in paragraph at lines 673--679
[]$[]$ 
 []

[14 <../transformaciones/cuad_uniforme1.pdf> <../transformaciones/cuad_uniforme
2.pdf> <../transformaciones/cuad_uniforme3.png>] [15]
<../transformaciones/cuad_normal1.pdf, id=773, 611.95189pt x 397.46681pt>
File: ../transformaciones/cuad_normal1.pdf Graphic file (type pdf)
<use ../transformaciones/cuad_normal1.pdf>
Package pdftex.def Info: ../transformaciones/cuad_normal1.pdf  used on input li
ne 716.
(pdftex.def)             Requested size: 328.82707pt x 213.57965pt.
<../transformaciones/cuad_normal2.pdf, id=774, 401.65372pt x 289.3115pt>
File: ../transformaciones/cuad_normal2.pdf Graphic file (type pdf)
<use ../transformaciones/cuad_normal2.pdf>
Package pdftex.def Info: ../transformaciones/cuad_normal2.pdf  used on input li
ne 724.
(pdftex.def)             Requested size: 229.8775pt x 165.58467pt.


Package caption Warning: The option `hypcap=true' will be ignored for this
(caption)                particular \caption on input line 725.
See the caption package documentation for explanation.


Overfull \hbox (17.0pt too wide) in paragraph at lines 722--728
[]$[]$ 
 []

<../transformaciones/cuad_normal3.png, id=775, 453.695pt x 309.155pt>
File: ../transformaciones/cuad_normal3.png Graphic file (type png)
<use ../transformaciones/cuad_normal3.png>
Package pdftex.def Info: ../transformaciones/cuad_normal3.png  used on input li
ne 731.
(pdftex.def)             Requested size: 229.8775pt x 156.6433pt.

Package caption Warning: The option `hypcap=true' will be ignored for this
(caption)                particular \caption on input line 732.
See the caption package documentation for explanation.


Overfull \hbox (17.0pt too wide) in paragraph at lines 729--735
[]$[]$ 
 []

[16 <../transformaciones/cuad_normal1.pdf> <../transformaciones/cuad_normal2.pd
f> <../transformaciones/cuad_normal3.png>] [17]
<../transformaciones/cuad_gamma1.pdf, id=886, 611.95189pt x 397.46681pt>
File: ../transformaciones/cuad_gamma1.pdf Graphic file (type pdf)
<use ../transformaciones/cuad_gamma1.pdf>
Package pdftex.def Info: ../transformaciones/cuad_gamma1.pdf  used on input lin
e 772.
(pdftex.def)             Requested size: 328.82707pt x 213.57965pt.
<../transformaciones/cuad_gamma2.pdf, id=887, 402.82808pt x 289.3115pt>
File: ../transformaciones/cuad_gamma2.pdf Graphic file (type pdf)
<use ../transformaciones/cuad_gamma2.pdf>
Package pdftex.def Info: ../transformaciones/cuad_gamma2.pdf  used on input lin
e 780.
(pdftex.def)             Requested size: 229.8775pt x 165.1035pt.


Package caption Warning: The option `hypcap=true' will be ignored for this
(caption)                particular \caption on input line 781.
See the caption package documentation for explanation.


Overfull \hbox (17.0pt too wide) in paragraph at lines 778--784
[]$[]$ 
 []

<../transformaciones/cuad_gamma3.png, id=888, 650.43pt x 305.14pt>
File: ../transformaciones/cuad_gamma3.png Graphic file (type png)
<use ../transformaciones/cuad_gamma3.png>
Package pdftex.def Info: ../transformaciones/cuad_gamma3.png  used on input lin
e 787.
(pdftex.def)             Requested size: 229.8775pt x 107.84354pt.

Package caption Warning: The option `hypcap=true' will be ignored for this
(caption)                particular \caption on input line 788.
See the caption package documentation for explanation.


Overfull \hbox (17.0pt too wide) in paragraph at lines 785--791
[]$[]$ 
 []

[18 <../transformaciones/cuad_gamma1.pdf> <../transformaciones/cuad_gamma2.pdf>
 <../transformaciones/cuad_gamma3.png>] [19]

Package hyperref Warning: Token not allowed in a PDF string (Unicode):
(hyperref)                removing `math shift' on input line 824.


Package hyperref Warning: Token not allowed in a PDF string (Unicode):
(hyperref)                removing `\cdot' on input line 824.


Package hyperref Warning: Token not allowed in a PDF string (Unicode):
(hyperref)                removing `\mathop' on input line 824.


Package hyperref Warning: Token not allowed in a PDF string (Unicode):
(hyperref)                removing `\mathgroup' on input line 824.


Package hyperref Warning: Token not allowed in a PDF string (Unicode):
(hyperref)                removing `\symoperators' on input line 824.


Package hyperref Warning: Token not allowed in a PDF string (Unicode):
(hyperref)                removing `\@ifnextchar' on input line 824.


Package hyperref Warning: Token not allowed in a PDF string (Unicode):
(hyperref)                removing `\left' on input line 824.


Package hyperref Warning: Token not allowed in a PDF string (Unicode):
(hyperref)                removing `\begingroup' on input line 824.


Package hyperref Warning: Token not allowed in a PDF string (Unicode):
(hyperref)                removing `\endgroup' on input line 824.


Package hyperref Warning: Token not allowed in a PDF string (Unicode):
(hyperref)                removing `\@@over' on input line 824.


Package hyperref Warning: Token not allowed in a PDF string (Unicode):
(hyperref)                removing `\right' on input line 824.


Package hyperref Warning: Token not allowed in a PDF string (Unicode):
(hyperref)                removing `\cdot' on input line 824.


Package hyperref Warning: Token not allowed in a PDF string (Unicode):
(hyperref)                removing `\mathop' on input line 824.


Package hyperref Warning: Token not allowed in a PDF string (Unicode):
(hyperref)                removing `\mathgroup' on input line 824.


Package hyperref Warning: Token not allowed in a PDF string (Unicode):
(hyperref)                removing `\symoperators' on input line 824.


Package hyperref Warning: Token not allowed in a PDF string (Unicode):
(hyperref)                removing `\@ifnextchar' on input line 824.


Package hyperref Warning: Token not allowed in a PDF string (Unicode):
(hyperref)                removing `\left' on input line 824.


Package hyperref Warning: Token not allowed in a PDF string (Unicode):
(hyperref)                removing `\begingroup' on input line 824.


Package hyperref Warning: Token not allowed in a PDF string (Unicode):
(hyperref)                removing `superscript' on input line 824.


Package hyperref Warning: Token not allowed in a PDF string (Unicode):
(hyperref)                removing `\endgroup' on input line 824.


Package hyperref Warning: Token not allowed in a PDF string (Unicode):
(hyperref)                removing `\@@over' on input line 824.


Package hyperref Warning: Token not allowed in a PDF string (Unicode):
(hyperref)                removing `\right' on input line 824.

<../transformaciones/per_uniforme1.pdf, id=992, 620.3583pt x 397.46681pt>
File: ../transformaciones/per_uniforme1.pdf Graphic file (type pdf)
<use ../transformaciones/per_uniforme1.pdf>
Package pdftex.def Info: ../transformaciones/per_uniforme1.pdf  used on input l
ine 829.
(pdftex.def)             Requested size: 328.82707pt x 210.68066pt.
<../transformaciones/per_uniforme2.pdf, id=993, 424.2365pt x 289.3115pt>
File: ../transformaciones/per_uniforme2.pdf Graphic file (type pdf)
<use ../transformaciones/per_uniforme2.pdf>
Package pdftex.def Info: ../transformaciones/per_uniforme2.pdf  used on input l
ine 837.
(pdftex.def)             Requested size: 229.8775pt x 156.76443pt.

Package caption Warning: The option `hypcap=true' will be ignored for this
(caption)                particular \caption on input line 838.
See the caption package documentation for explanation.


Overfull \hbox (17.0pt too wide) in paragraph at lines 835--841
[]$[]$ 
 []

<../transformaciones/per_uniforme3.png, id=994, 437.635pt x 298.11375pt>
File: ../transformaciones/per_uniforme3.png Graphic file (type png)
<use ../transformaciones/per_uniforme3.png>
Package pdftex.def Info: ../transformaciones/per_uniforme3.png  used on input l
ine 844.
(pdftex.def)             Requested size: 229.8775pt x 156.59393pt.

Package caption Warning: The option `hypcap=true' will be ignored for this
(caption)                particular \caption on input line 845.
See the caption package documentation for explanation.


Overfull \hbox (17.0pt too wide) in paragraph at lines 842--848
[]$[]$ 
 []

[20 <../transformaciones/per_uniforme1.pdf> <../transformaciones/per_uniforme2.
pdf> <../transformaciones/per_uniforme3.png>] [21]
<../transformaciones/per_normal1.pdf, id=1114, 620.3583pt x 397.46681pt>
File: ../transformaciones/per_normal1.pdf Graphic file (type pdf)
<use ../transformaciones/per_normal1.pdf>
Package pdftex.def Info: ../transformaciones/per_normal1.pdf  used on input lin
e 885.
(pdftex.def)             Requested size: 328.82707pt x 210.68066pt.
<../transformaciones/per_normal2.pdf, id=1115, 401.84816pt x 289.3115pt>
File: ../transformaciones/per_normal2.pdf Graphic file (type pdf)
<use ../transformaciones/per_normal2.pdf>
Package pdftex.def Info: ../transformaciones/per_normal2.pdf  used on input lin
e 893.
(pdftex.def)             Requested size: 229.8775pt x 165.5008pt.


Package caption Warning: The option `hypcap=true' will be ignored for this
(caption)                particular \caption on input line 894.
See the caption package documentation for explanation.


Overfull \hbox (17.0pt too wide) in paragraph at lines 891--897
[]$[]$ 
 []

<../transformaciones/per_normal3.png, id=1116, 464.73625pt x 304.13625pt>
File: ../transformaciones/per_normal3.png Graphic file (type png)
<use ../transformaciones/per_normal3.png>
Package pdftex.def Info: ../transformaciones/per_normal3.png  used on input lin
e 900.
(pdftex.def)             Requested size: 229.8775pt x 150.4342pt.

Package caption Warning: The option `hypcap=true' will be ignored for this
(caption)                particular \caption on input line 901.
See the caption package documentation for explanation.


Overfull \hbox (17.0pt too wide) in paragraph at lines 898--904
[]$[]$ 
 []

[22 <../transformaciones/per_normal1.pdf> <../transformaciones/per_normal2.pdf>
 <../transformaciones/per_normal3.png>] [23]
<../transformaciones/per_gamma1.pdf, id=1233, 620.3583pt x 397.46681pt>
File: ../transformaciones/per_gamma1.pdf Graphic file (type pdf)
<use ../transformaciones/per_gamma1.pdf>
Package pdftex.def Info: ../transformaciones/per_gamma1.pdf  used on input line
 942.
(pdftex.def)             Requested size: 328.82707pt x 210.68066pt.
<../transformaciones/per_gamma2.pdf, id=1234, 403.64394pt x 289.3115pt>
File: ../transformaciones/per_gamma2.pdf Graphic file (type pdf)
<use ../transformaciones/per_gamma2.pdf>
Package pdftex.def Info: ../transformaciones/per_gamma2.pdf  used on input line
 950.
(pdftex.def)             Requested size: 229.8775pt x 164.76358pt.


Package caption Warning: The option `hypcap=true' will be ignored for this
(caption)                particular \caption on input line 951.
See the caption package documentation for explanation.


Overfull \hbox (17.0pt too wide) in paragraph at lines 948--954
[]$[]$ 
 []

<../transformaciones/per_gamma3.png, id=1235, 474.77374pt x 303.1325pt>
File: ../transformaciones/per_gamma3.png Graphic file (type png)
<use ../transformaciones/per_gamma3.png>
Package pdftex.def Info: ../transformaciones/per_gamma3.png  used on input line
 957.
(pdftex.def)             Requested size: 229.8775pt x 146.7693pt.

Package caption Warning: The option `hypcap=true' will be ignored for this
(caption)                particular \caption on input line 958.
See the caption package documentation for explanation.


Overfull \hbox (17.0pt too wide) in paragraph at lines 955--961
[]$[]$ 
 []

[24 <../transformaciones/per_gamma1.pdf> <../transformaciones/per_gamma2.pdf> <
../transformaciones/per_gamma3.png>] [25]
<rectangulo.png, id=1352, 788.9475pt x 347.2975pt>
File: rectangulo.png Graphic file (type png)
<use rectangulo.png>
Package pdftex.def Info: rectangulo.png  used on input line 1017.
(pdftex.def)             Requested size: 281.85587pt x 124.07312pt.
<walkerUniforme.png, id=1354, 1606.0pt x 803.0pt>
File: walkerUniforme.png Graphic file (type png)
<use walkerUniforme.png>
Package pdftex.def Info: walkerUniforme.png  used on input line 1028.
(pdftex.def)             Requested size: 375.80544pt x 187.89635pt.


Package caption Warning: The option `hypcap=true' will be ignored for this
(caption)                particular \caption on input line 1029.
See the caption package documentation for explanation.

<graf_direcciones_uniforme.pdf, id=1355, 605.56868pt x 403.97112pt>
File: graf_direcciones_uniforme.pdf Graphic file (type pdf)
<use graf_direcciones_uniforme.pdf>
Package pdftex.def Info: graf_direcciones_uniforme.pdf  used on input line 1036
.
(pdftex.def)             Requested size: 328.82707pt x 219.35547pt.
[26 <./rectangulo.png> <./walkerUniforme.png (PNG copy)>]
<hist_direcciones_uniforme.pdf, id=1363, 458.37561pt x 338.166pt>
File: hist_direcciones_uniforme.pdf Graphic file (type pdf)
<use hist_direcciones_uniforme.pdf>
Package pdftex.def Info: hist_direcciones_uniforme.pdf  used on input line 1043
.
(pdftex.def)             Requested size: 229.8775pt x 169.59341pt.


Package caption Warning: The option `hypcap=true' will be ignored for this
(caption)                particular \caption on input line 1044.
See the caption package documentation for explanation.


Overfull \hbox (17.0pt too wide) in paragraph at lines 1041--1047
[]$[]$ 
 []

<u1.png, id=1364, 418.56375pt x 261.97874pt>
File: u1.png Graphic file (type png)
<use u1.png>
Package pdftex.def Info: u1.png  used on input line 1050.
(pdftex.def)             Requested size: 229.8775pt x 143.87688pt.

Package caption Warning: The option `hypcap=true' will be ignored for this
(caption)                particular \caption on input line 1051.
See the caption package documentation for explanation.


Overfull \hbox (17.0pt too wide) in paragraph at lines 1048--1054
[]$[]$ 
 []

[27 <./graf_direcciones_uniforme.pdf> <./hist_direcciones_uniforme.pdf> <./u1.p
ng>]
<graf_distancia_uniforme.pdf, id=1472, 605.56868pt x 403.97112pt>
File: graf_distancia_uniforme.pdf Graphic file (type pdf)
<use graf_distancia_uniforme.pdf>
Package pdftex.def Info: graf_distancia_uniforme.pdf  used on input line 1081.
(pdftex.def)             Requested size: 281.85587pt x 188.02338pt.
<hist_distancia_uniforme.pdf, id=1473, 445.31902pt x 338.166pt>
File: hist_distancia_uniforme.pdf Graphic file (type pdf)
<use hist_distancia_uniforme.pdf>
Package pdftex.def Info: hist_distancia_uniforme.pdf  used on input line 1088.
(pdftex.def)             Requested size: 229.8775pt x 174.56248pt.


Package caption Warning: The option `hypcap=true' will be ignored for this
(caption)                particular \caption on input line 1089.
See the caption package documentation for explanation.


Overfull \hbox (17.0pt too wide) in paragraph at lines 1086--1092
[]$[]$ 
 []

<u2.png, id=1474, 418.56375pt x 261.97874pt>
File: u2.png Graphic file (type png)
<use u2.png>
Package pdftex.def Info: u2.png  used on input line 1095.
(pdftex.def)             Requested size: 229.8775pt x 143.87688pt.

Package caption Warning: The option `hypcap=true' will be ignored for this
(caption)                particular \caption on input line 1096.
See the caption package documentation for explanation.


Overfull \hbox (17.0pt too wide) in paragraph at lines 1093--1099
[]$[]$ 
 []


Overfull \vbox (9.86148pt too high) has occurred while \output is active []


[28 <./graf_distancia_uniforme.pdf> <./hist_distancia_uniforme.pdf> <./u2.png>]
<graf_posiciones_uniforme.pdf, id=1586, 428.834pt x 419.64154pt>
File: graf_posiciones_uniforme.pdf Graphic file (type pdf)
<use graf_posiciones_uniforme.pdf>
Package pdftex.def Info: graf_posiciones_uniforme.pdf  used on input line 1118.

(pdftex.def)             Requested size: 234.8775pt x 229.84306pt.
[29 <./graf_posiciones_uniforme.pdf>]
<hist_posiciones_uniforme.pdf, id=1628, 429.21855pt x 419.17104pt>
File: hist_posiciones_uniforme.pdf Graphic file (type pdf)
<use hist_posiciones_uniforme.pdf>
Package pdftex.def Info: hist_posiciones_uniforme.pdf  used on input line 1127.

(pdftex.def)             Requested size: 183.9027pt x 179.60042pt.


Package caption Warning: The option `hypcap=true' will be ignored for this
(caption)                particular \caption on input line 1128.
See the caption package documentation for explanation.


Overfull \hbox (17.0pt too wide) in paragraph at lines 1125--1131
[]$[]$ 
 []

<u3.png, id=1629, 603.25375pt x 283.0575pt>
File: u3.png Graphic file (type png)
<use u3.png>
Package pdftex.def Info: u3.png  used on input line 1134.
(pdftex.def)             Requested size: 229.8775pt x 107.86098pt.

Package caption Warning: The option `hypcap=true' will be ignored for this
(caption)                particular \caption on input line 1135.
See the caption package documentation for explanation.


Overfull \hbox (17.0pt too wide) in paragraph at lines 1132--1138
[]$[]$ 
 []

[30 <./hist_posiciones_uniforme.pdf> <./u3.png>]
<graf_choques_uniforme.pdf, id=1672, 615.15135pt x 403.97112pt>
File: graf_choques_uniforme.pdf Graphic file (type pdf)
<use graf_choques_uniforme.pdf>
Package pdftex.def Info: graf_choques_uniforme.pdf  used on input line 1166.
(pdftex.def)             Requested size: 328.82707pt x 215.94673pt.
<hist_choques_uniforme.pdf, id=1673, 447.31082pt x 338.166pt>
File: hist_choques_uniforme.pdf Graphic file (type pdf)
<use hist_choques_uniforme.pdf>
Package pdftex.def Info: hist_choques_uniforme.pdf  used on input line 1173.
(pdftex.def)             Requested size: 229.8775pt x 173.78848pt.


Package caption Warning: The option `hypcap=true' will be ignored for this
(caption)                particular \caption on input line 1174.
See the caption package documentation for explanation.


Overfull \hbox (17.0pt too wide) in paragraph at lines 1171--1177
[]$[]$ 
 []

<u4.png, id=1674, 394.47375pt x 274.02374pt>
File: u4.png Graphic file (type png)
<use u4.png>
Package pdftex.def Info: u4.png  used on input line 1180.
(pdftex.def)             Requested size: 229.8775pt x 159.68651pt.

Package caption Warning: The option `hypcap=true' will be ignored for this
(caption)                particular \caption on input line 1181.
See the caption package documentation for explanation.


Overfull \hbox (17.0pt too wide) in paragraph at lines 1178--1184
[]$[]$ 
 []

[31 <./graf_choques_uniforme.pdf> <./hist_choques_uniforme.pdf> <./u4.png>]
[32]
<walkerNormal.png, id=1786, 1606.0pt x 803.0pt>
File: walkerNormal.png Graphic file (type png)
<use walkerNormal.png>
Package pdftex.def Info: walkerNormal.png  used on input line 1204.
(pdftex.def)             Requested size: 305.33789pt x 152.6696pt.


Package caption Warning: The option `hypcap=true' will be ignored for this
(caption)                particular \caption on input line 1205.
See the caption package documentation for explanation.

<graf_direcciones_normal.pdf, id=1787, 605.56868pt x 403.97112pt>
File: graf_direcciones_normal.pdf Graphic file (type pdf)
<use graf_direcciones_normal.pdf>
Package pdftex.def Info: graf_direcciones_normal.pdf  used on input line 1213.
(pdftex.def)             Requested size: 281.85587pt x 188.02338pt.
<hist_direcciones_normal.pdf, id=1788, 453.2157pt x 338.166pt>
File: hist_direcciones_normal.pdf Graphic file (type pdf)
<use hist_direcciones_normal.pdf>
Package pdftex.def Info: hist_direcciones_normal.pdf  used on input line 1220.
(pdftex.def)             Requested size: 206.88834pt x 154.37144pt.

Package caption Warning: The option `hypcap=true' will be ignored for this
(caption)                particular \caption on input line 1221.
See the caption package documentation for explanation.


Overfull \hbox (17.0pt too wide) in paragraph at lines 1218--1224
[]$[]$ 
 []

<n1.png, id=1789, 436.63126pt x 272.01625pt>
File: n1.png Graphic file (type png)
<use n1.png>
Package pdftex.def Info: n1.png  used on input line 1227.
(pdftex.def)             Requested size: 229.8775pt x 143.20912pt.

Package caption Warning: The option `hypcap=true' will be ignored for this
(caption)                particular \caption on input line 1228.
See the caption package documentation for explanation.


Overfull \hbox (17.0pt too wide) in paragraph at lines 1225--1231
[]$[]$ 
 []


Overfull \vbox (7.7889pt too high) has occurred while \output is active []


Overfull \vbox (13.45122pt too high) has occurred while \output is active []


[33 <./walkerNormal.png (PNG copy)> <./graf_direcciones_normal.pdf> <./hist_dir
ecciones_normal.pdf> <./n1.png>]
<graf_distancia_normal.pdf, id=1896, 605.56868pt x 403.97112pt>
File: graf_distancia_normal.pdf Graphic file (type pdf)
<use graf_distancia_normal.pdf>
Package pdftex.def Info: graf_distancia_normal.pdf  used on input line 1251.
(pdftex.def)             Requested size: 281.85587pt x 188.02338pt.


LaTeX Warning: `h' float specifier changed to `ht'.

<hist_distancia_normal.pdf, id=1897, 440.1591pt x 338.166pt>
File: hist_distancia_normal.pdf Graphic file (type pdf)
<use hist_distancia_normal.pdf>
Package pdftex.def Info: hist_distancia_normal.pdf  used on input line 1258.
(pdftex.def)             Requested size: 206.88834pt x 158.94835pt.

Package caption Warning: The option `hypcap=true' will be ignored for this
(caption)                particular \caption on input line 1259.
See the caption package documentation for explanation.


Overfull \hbox (17.0pt too wide) in paragraph at lines 1256--1262
[]$[]$ 
 []

<n2.png, id=1898, 436.63126pt x 272.01625pt>
File: n2.png Graphic file (type png)
<use n2.png>
Package pdftex.def Info: n2.png  used on input line 1265.
(pdftex.def)             Requested size: 229.8775pt x 143.20912pt.

Package caption Warning: The option `hypcap=true' will be ignored for this
(caption)                particular \caption on input line 1266.
See the caption package documentation for explanation.


Overfull \hbox (17.0pt too wide) in paragraph at lines 1263--1269
[]$[]$ 
 []

[34 <./hist_distancia_normal.pdf> <./n2.png>]
<graf_posiciones_normal.pdf, id=1956, 428.834pt x 419.64154pt>
File: graf_posiciones_normal.pdf Graphic file (type pdf)
<use graf_posiciones_normal.pdf>
Package pdftex.def Info: graf_posiciones_normal.pdf  used on input line 1290.
(pdftex.def)             Requested size: 211.38832pt x 206.85556pt.
 [35 <./graf_distancia_normal.pdf>]
<hist_posiciones_normal.pdf, id=2012, 429.21855pt x 419.17104pt>
File: hist_posiciones_normal.pdf Graphic file (type pdf)
<use hist_posiciones_normal.pdf>
Package pdftex.def Info: hist_posiciones_normal.pdf  used on input line 1297.
(pdftex.def)             Requested size: 183.9027pt x 179.60042pt.


Package caption Warning: The option `hypcap=true' will be ignored for this
(caption)                particular \caption on input line 1298.
See the caption package documentation for explanation.


Overfull \hbox (17.0pt too wide) in paragraph at lines 1295--1301
[]$[]$ 
 []

<n3.png, id=2013, 584.1825pt x 274.02374pt>
File: n3.png Graphic file (type png)
<use n3.png>
Package pdftex.def Info: n3.png  used on input line 1304.
(pdftex.def)             Requested size: 229.8775pt x 107.8305pt.

Package caption Warning: The option `hypcap=true' will be ignored for this
(caption)                particular \caption on input line 1305.
See the caption package documentation for explanation.


Overfull \hbox (17.0pt too wide) in paragraph at lines 1302--1308
[]$[]$ 
 []

[36 <./graf_posiciones_normal.pdf> <./hist_posiciones_normal.pdf> <./n3.png>]
<graf_choques_normal.pdf, id=2089, 615.15135pt x 403.97112pt>
File: graf_choques_normal.pdf Graphic file (type pdf)
<use graf_choques_normal.pdf>
Package pdftex.def Info: graf_choques_normal.pdf  used on input line 1326.
(pdftex.def)             Requested size: 234.8775pt x 154.24414pt.
<hist_choques_normal.pdf, id=2090, 435.7677pt x 338.166pt>
File: hist_choques_normal.pdf Graphic file (type pdf)
<use hist_choques_normal.pdf>
Package pdftex.def Info: hist_choques_normal.pdf  used on input line 1333.
(pdftex.def)             Requested size: 206.88834pt x 160.54794pt.


Package caption Warning: The option `hypcap=true' will be ignored for this
(caption)                particular \caption on input line 1334.
See the caption package documentation for explanation.


Overfull \hbox (17.0pt too wide) in paragraph at lines 1331--1337
[]$[]$ 
 []

<n4.png, id=2091, 401.5pt x 260.975pt>
File: n4.png Graphic file (type png)
<use n4.png>
Package pdftex.def Info: n4.png  used on input line 1340.
(pdftex.def)             Requested size: 229.8775pt x 149.42232pt.

Package caption Warning: The option `hypcap=true' will be ignored for this
(caption)                particular \caption on input line 1341.
See the caption package documentation for explanation.


Overfull \hbox (17.0pt too wide) in paragraph at lines 1338--1344
[]$[]$ 
 []

[37 <./graf_choques_normal.pdf> <./hist_choques_normal.pdf> <./n4.png>]
[38]
<walkerGamma.png, id=2206, 1606.0pt x 803.0pt>
File: walkerGamma.png Graphic file (type png)
<use walkerGamma.png>
Package pdftex.def Info: walkerGamma.png  used on input line 1366.
(pdftex.def)             Requested size: 328.82707pt x 164.40776pt.


Package caption Warning: The option `hypcap=true' will be ignored for this
(caption)                particular \caption on input line 1367.
See the caption package documentation for explanation.

<graf_direcciones_gamma.pdf, id=2207, 605.56868pt x 403.97112pt>
File: graf_direcciones_gamma.pdf Graphic file (type pdf)
<use graf_direcciones_gamma.pdf>
Package pdftex.def Info: graf_direcciones_gamma.pdf  used on input line 1374.
(pdftex.def)             Requested size: 258.36668pt x 172.35425pt.
<hist_direcciones_gamma.pdf, id=2208, 455.20752pt x 338.166pt>
File: hist_direcciones_gamma.pdf Graphic file (type pdf)
<use hist_direcciones_gamma.pdf>
Package pdftex.def Info: hist_direcciones_gamma.pdf  used on input line 1381.
(pdftex.def)             Requested size: 229.8775pt x 170.7699pt.

Package caption Warning: The option `hypcap=true' will be ignored for this
(caption)                particular \caption on input line 1382.
See the caption package documentation for explanation.


Overfull \hbox (17.0pt too wide) in paragraph at lines 1379--1385
[]$[]$ 
 []

<g1.png, id=2209, 397.485pt x 270.00874pt>
File: g1.png Graphic file (type png)
<use g1.png>
Package pdftex.def Info: g1.png  used on input line 1388.
(pdftex.def)             Requested size: 229.8775pt x 156.15608pt.

Package caption Warning: The option `hypcap=true' will be ignored for this
(caption)                particular \caption on input line 1389.
See the caption package documentation for explanation.


Overfull \hbox (17.0pt too wide) in paragraph at lines 1386--1392
[]$[]$ 
 []


Overfull \vbox (25.9187pt too high) has occurred while \output is active []


Overfull \vbox (25.9187pt too high) has occurred while \output is active []


Overfull \vbox (11.30489pt too high) has occurred while \output is active []


Overfull \vbox (11.30489pt too high) has occurred while \output is active []


[39 <./walkerGamma.png (PNG copy)> <./graf_direcciones_gamma.pdf> <./hist_direc
ciones_gamma.pdf> <./g1.png>] [40]
<graf_distancia_gamma.pdf, id=2320, 605.56868pt x 403.97112pt>
File: graf_distancia_gamma.pdf Graphic file (type pdf)
<use graf_distancia_gamma.pdf>
Package pdftex.def Info: graf_distancia_gamma.pdf  used on input line 1416.
(pdftex.def)             Requested size: 281.85587pt x 188.02338pt.
<hist_distancia_gamma.pdf, id=2321, 442.15092pt x 338.166pt>
File: hist_distancia_gamma.pdf Graphic file (type pdf)
<use hist_distancia_gamma.pdf>
Package pdftex.def Info: hist_distancia_gamma.pdf  used on input line 1423.
(pdftex.def)             Requested size: 229.8775pt x 175.81636pt.


Package caption Warning: The option `hypcap=true' will be ignored for this
(caption)                particular \caption on input line 1424.
See the caption package documentation for explanation.


Overfull \hbox (17.0pt too wide) in paragraph at lines 1421--1427
[]$[]$ 
 []

<g2.png, id=2322, 397.485pt x 270.00874pt>
File: g2.png Graphic file (type png)
<use g2.png>
Package pdftex.def Info: g2.png  used on input line 1430.
(pdftex.def)             Requested size: 229.8775pt x 156.15608pt.

Package caption Warning: The option `hypcap=true' will be ignored for this
(caption)                particular \caption on input line 1431.
See the caption package documentation for explanation.


Overfull \hbox (17.0pt too wide) in paragraph at lines 1428--1434
[]$[]$ 
 []

[41 <./graf_distancia_gamma.pdf> <./hist_distancia_gamma.pdf> <./g2.png>]
<graf_posiciones_gamma.pdf, id=2430, 428.834pt x 419.64154pt>
File: graf_posiciones_gamma.pdf Graphic file (type pdf)
<use graf_posiciones_gamma.pdf>
Package pdftex.def Info: graf_posiciones_gamma.pdf  used on input line 1456.
(pdftex.def)             Requested size: 234.8775pt x 229.84306pt.

[42 <./graf_posiciones_gamma.pdf>]
<hist_posiciones_gamma.pdf, id=2474, 429.21855pt x 419.17104pt>
File: hist_posiciones_gamma.pdf Graphic file (type pdf)
<use hist_posiciones_gamma.pdf>
Package pdftex.def Info: hist_posiciones_gamma.pdf  used on input line 1463.
(pdftex.def)             Requested size: 183.9027pt x 179.60042pt.


Package caption Warning: The option `hypcap=true' will be ignored for this
(caption)                particular \caption on input line 1464.
See the caption package documentation for explanation.


Overfull \hbox (17.0pt too wide) in paragraph at lines 1461--1467
[]$[]$ 
 []

<g3.png, id=2475, 602.25pt x 273.02pt>
File: g3.png Graphic file (type png)
<use g3.png>
Package pdftex.def Info: g3.png  used on input line 1470.
(pdftex.def)             Requested size: 229.8775pt x 104.21109pt.

Package caption Warning: The option `hypcap=true' will be ignored for this
(caption)                particular \caption on input line 1471.
See the caption package documentation for explanation.


Overfull \hbox (17.0pt too wide) in paragraph at lines 1468--1474
[]$[]$ 
 []

[43 <./hist_posiciones_gamma.pdf> <./g3.png>]
<graf_choques_gamma.pdf, id=2517, 621.53458pt x 403.97112pt>
File: graf_choques_gamma.pdf Graphic file (type pdf)
<use graf_choques_gamma.pdf>
Package pdftex.def Info: graf_choques_gamma.pdf  used on input line 1495.
(pdftex.def)             Requested size: 281.85587pt x 183.19073pt.
<hist_choques_gamma.pdf, id=2518, 437.75952pt x 338.166pt>
File: hist_choques_gamma.pdf Graphic file (type pdf)
<use hist_choques_gamma.pdf>
Package pdftex.def Info: hist_choques_gamma.pdf  used on input line 1502.
(pdftex.def)             Requested size: 229.8775pt x 177.58109pt.


Package caption Warning: The option `hypcap=true' will be ignored for this
(caption)                particular \caption on input line 1503.
See the caption package documentation for explanation.


Overfull \hbox (17.0pt too wide) in paragraph at lines 1500--1506
[]$[]$ 
 []

<g4.png, id=2519, 406.51875pt x 255.95625pt>
File: g4.png Graphic file (type png)
<use g4.png>
Package pdftex.def Info: g4.png  used on input line 1509.
(pdftex.def)             Requested size: 229.8775pt x 144.73662pt.

Package caption Warning: The option `hypcap=true' will be ignored for this
(caption)                particular \caption on input line 1510.
See the caption package documentation for explanation.


Overfull \hbox (17.0pt too wide) in paragraph at lines 1507--1513
[]$[]$ 
 []

[44 <./graf_choques_gamma.pdf> <./hist_choques_gamma.pdf> <./g4.png>] [45]
[46]
Overfull \hbox (1.0668pt too wide) in paragraph at lines 1551--1552
[][][]\T1/lmss/m/sl/10.95 https://colab.research.google.com/drive/1OqFebhbSkwtj
nMdEeamEgZu9fpV-zu0s?usp=sharing[][]\T1/lmss/m/n/10.95 . 
 []


Overfull \hbox (9.70424pt too wide) in paragraph at lines 1556--1557
[][][]\T1/lmss/m/sl/10.95 https://colab.research.google.com/drive/1bUJ5eagMzJEx
Hf9ogONdEHd8UiY8B5Te?usp=sharing[][]\T1/lmss/m/n/10.95 . 
 []


Overfull \hbox (10.6947pt too wide) in paragraph at lines 1566--1567
[][][]\T1/lmss/m/sl/10.95 https://colab.research.google.com/drive/15WKghgRJQMI1
qNjLo5keUrGBhxV8Y-Ps?usp=sharing[][]\T1/lmss/m/n/10.95 . 
 []

[47] (./reporteWalker.aux
LaTeX Info: Redefining \. on input line 26.
LaTeX Info: Redefining \% on input line 26.
)

LaTeX Font Warning: Some font shapes were not available, defaults substituted.

Package rerunfilecheck Info: File `reporteWalker.out' has not changed.
(rerunfilecheck)             Checksum: 152423AB2A63E868E89A419A02296502;6834.
 ) 
Here is how much of TeX's memory you used:
 28100 strings out of 478287
 506640 string characters out of 5849289
 1037524 words of memory out of 5000000
 45351 multiletter control sequences out of 15000+600000
 540093 words of font info for 70 fonts, out of 8000000 for 9000
 1141 hyphenation exceptions out of 8191
 84i,12n,80p,646b,2049s stack positions out of 5000i,500n,10000p,200000b,80000s
{/usr/share/texmf/fonts/enc/dvips/lm/lm-ec.enc}{/usr/share/texlive/texmf-dist
/fonts/enc/dvips/iwona/ex-iwona.enc}{/usr/share/texlive/texmf-dist/fonts/enc/dv
ips/iwona/sy-iwona.enc}{/usr/share/texlive/texmf-dist/fonts/enc/dvips/iwona/rm-
iwona.enc}{/usr/share/texlive/texmf-dist/fonts/enc/dvips/iwona/mi-iwona.enc}</u
sr/share/texlive/texmf-dist/fonts/type1/nowacki/iwona/iwonal.pfb></usr/share/te
xlive/texmf-dist/fonts/type1/nowacki/iwona/iwonali.pfb></usr/share/texmf/fonts/
type1/public/lm/lmss10.pfb></usr/share/texmf/fonts/type1/public/lm/lmss12.pfb><
/usr/share/texmf/fonts/type1/public/lm/lmss17.pfb></usr/share/texmf/fonts/type1
/public/lm/lmss8.pfb></usr/share/texmf/fonts/type1/public/lm/lmssbo10.pfb></usr
/share/texmf/fonts/type1/public/lm/lmssbx10.pfb></usr/share/texmf/fonts/type1/p
ublic/lm/lmsso10.pfb></usr/share/texmf/fonts/type1/public/lm/lmsso17.pfb></usr/
share/texmf/fonts/type1/public/lm/lmtt10.pfb>
Output written on reporteWalker.pdf (48 pages, 3950597 bytes).
PDF statistics:
 2788 PDF objects out of 2984 (max. 8388607)
 1176 compressed objects within 12 object streams
 421 named destinations out of 1000 (max. 500000)
 618 words of extra memory for PDF output out of 10000 (max. 10000000)

